#
# There is insufficient memory for the Java Runtime Environment to continue.
# Native memory allocation (malloc) failed to allocate 1185936 bytes for Chunk::new
# Possible reasons:
#   The system is out of physical RAM or swap space
#   The process is running with CompressedOops enabled, and the Java Heap may be blocking the growth of the native heap
# Possible solutions:
#   Reduce memory load on the system
#   Increase physical memory or swap space
#   Check if swap backing store is full
#   Decrease Java heap size (-Xmx/-Xms)
#   Decrease number of Java threads
#   Decrease Java thread stack sizes (-Xss)
#   Set larger code cache with -XX:ReservedCodeCacheSize=
#   JVM is running with Unscaled Compressed Oops mode in which the Java heap is
#     placed in the first 4GB address space. The Java Heap base address is the
#     maximum limit for the native heap growth. Please use -XX:HeapBaseMinAddress
#     to set the Java Heap base and to place the Java Heap above 4GB virtual address.
# This output file may be truncated or incomplete.
#
#  Out of Memory Error (./src/hotspot/share/memory/arena.cpp:197), pid=29772, tid=21552
#
# JRE version: OpenJDK Runtime Environment (11.0.12+7) (build 11.0.12+7-b1504.28-7817840)
# Java VM: OpenJDK 64-Bit Server VM (11.0.12+7-b1504.28-7817840, mixed mode, tiered, compressed oops, g1 gc, windows-amd64)
# No core dump will be written. Minidumps are not enabled by default on client versions of Windows
#

---------------  S U M M A R Y ------------

Command Line: --add-opens=java.base/java.util=ALL-UNNAMED --add-opens=java.base/java.lang=ALL-UNNAMED --add-opens=java.base/java.lang.invoke=ALL-UNNAMED --add-opens=java.base/java.util=ALL-UNNAMED --add-opens=java.prefs/java.util.prefs=ALL-UNNAMED --add-opens=java.prefs/java.util.prefs=ALL-UNNAMED --add-opens=java.base/java.nio.charset=ALL-UNNAMED --add-opens=java.base/java.net=ALL-UNNAMED --add-opens=java.base/java.util.concurrent.atomic=ALL-UNNAMED -Xmx2048m -Dfile.encoding=UTF-8 -Duser.country=IN -Duser.language=en -Duser.variant org.gradle.launcher.daemon.bootstrap.GradleDaemon 7.3.3

Host: AMD Ryzen 7 4800H with Radeon Graphics         , 16 cores, 7G,  Windows 10 , 64 bit Build 22000 (10.0.22000.1516)
Time: Mon Apr  3 22:14:43 2023 India Standard Time elapsed time: 16.249387 seconds (0d 0h 0m 16s)

---------------  T H R E A D  ---------------

Current thread (0x000002881c02b800):  JavaThread "C2 CompilerThread0" daemon [_thread_in_native, id=21552, stack(0x000000be66d00000,0x000000be66e00000)]


Current CompileTask:
C2:  16249 11449       4       org.gradle.internal.snapshot.impl.DefaultValueSnapshotter::processValue (675 bytes)

Stack: [0x000000be66d00000,0x000000be66e00000]
Native frames: (J=compiled Java code, j=interpreted, Vv=VM code, C=native code)
V  [jvm.dll+0x5fbcea]
V  [jvm.dll+0x731905]
V  [jvm.dll+0x732f1d]
V  [jvm.dll+0x7335d3]
V  [jvm.dll+0x247bf8]
V  [jvm.dll+0xc018c]
V  [jvm.dll+0xc06cc]
V  [jvm.dll+0x35b2db]
V  [jvm.dll+0x328803]
V  [jvm.dll+0x327cfa]
V  [jvm.dll+0x200602]
V  [jvm.dll+0x1ff794]
V  [jvm.dll+0x18868c]
V  [jvm.dll+0x20e0d7]
V  [jvm.dll+0x20c901]
V  [jvm.dll+0x6f9b7f]
V  [jvm.dll+0x6f26a5]
V  [jvm.dll+0x5fabf6]
C  [ucrtbase.dll+0x26c0c]
C  [KERNEL32.DLL+0x155a0]
C  [ntdll.dll+0x485b]


---------------  P R O C E S S  ---------------

Threads class SMR info:
_java_thread_list=0x000002882472e350, length=229, elements={
0x000002887cd81800, 0x000002881b69a000, 0x000002881b6a5000, 0x000002881c025800,
0x000002881c027800, 0x000002881c028800, 0x000002881c02b800, 0x000002881c02d000,
0x000002881c033000, 0x000002881c18a800, 0x000002881da51800, 0x000002881d590000,
0x000002881d478800, 0x000002881d147800, 0x000002881d52d800, 0x000002881e025000,
0x000002881dbad800, 0x000002881db0d800, 0x000002881d070800, 0x000002881e23c000,
0x000002881e238000, 0x000002881e23d000, 0x000002881e23b800, 0x000002881e23d800,
0x000002881e23e800, 0x000002881e239000, 0x000002881e239800, 0x000002881e23a800,
0x000002881e6bb800, 0x000002881e6b8000, 0x000002881e6be000, 0x000002881e6ba000,
0x000002881e6bd000, 0x000002881e6ba800, 0x000002881e6b9000, 0x000002881e6c4800,
0x000002881e6c3000, 0x000002881e6c3800, 0x000002881e6c0800, 0x000002881e6c5800,
0x000002881e6bf800, 0x000002881e6c7000, 0x000002881e6c2000, 0x000002881e6c6000,
0x000002881e6c1000, 0x00000288201bb000, 0x00000288201bf000, 0x00000288201bc800,
0x00000288201b9800, 0x00000288201bd800, 0x00000288201be000, 0x00000288201bb800,
0x00000288201c0000, 0x00000288201ba000, 0x00000288201c2800, 0x00000288201c1800,
0x00000288201c3000, 0x00000288201c4000, 0x00000288201c4800, 0x00000288201c0800,
0x00000288201c8000, 0x00000288201c5800, 0x00000288201c6800, 0x00000288201c7000,
0x0000028820269800, 0x000002882026a000, 0x0000028820267000, 0x0000028820266000,
0x0000028820267800, 0x000002882026b000, 0x0000028820268800, 0x0000028820265800,
0x0000028820271800, 0x0000028820270800, 0x000002882026f000, 0x000002882026c000,
0x0000028820272800, 0x000002882026c800, 0x0000028820273000, 0x000002882026d800,
0x0000028820274000, 0x000002882026e000, 0x0000028820270000, 0x00000288207ad800,
0x00000288207b0000, 0x00000288207b2000, 0x00000288207ac000, 0x00000288207b2800,
0x00000288207ae800, 0x00000288207b1000, 0x00000288207ad000, 0x00000288207b5000,
0x00000288207b3800, 0x00000288207b4800, 0x00000288207af800, 0x00000288207ba000,
0x00000288207b6000, 0x00000288207b6800, 0x00000288207b7800, 0x00000288207b8800,
0x00000288207bb000, 0x00000288207b9000, 0x0000028820642800, 0x0000028820645000,
0x0000028820643800, 0x0000028820648800, 0x000002882064a000, 0x0000028820644000,
0x000002882064b800, 0x000002882064a800, 0x0000028820649000, 0x0000028820646000,
0x0000028820647800, 0x000002882064c800, 0x0000028820646800, 0x000002882064d000,
0x000002882064e000, 0x0000028820650800, 0x000002882064f000, 0x000002882064f800,
0x0000028820651000, 0x000002882068a000, 0x000002882068c000, 0x000002882068b000,
0x000002882068c800, 0x000002882068d800, 0x0000028820689800, 0x000002882068e800,
0x000002882068f000, 0x0000028820691800, 0x0000028820693000, 0x0000028820695800,
0x0000028820695000, 0x0000028820692800, 0x0000028820690800, 0x0000028820694000,
0x0000028820690000, 0x0000028820697000, 0x0000028820696800, 0x0000028820698000,
0x00000288206b5800, 0x00000288206ba800, 0x00000288206b8000, 0x00000288206bb800,
0x00000288206b6800, 0x00000288206b7800, 0x00000288206bc800, 0x00000288206bd000,
0x00000288206be800, 0x00000288206be000, 0x00000288206b9000, 0x00000288206bf800,
0x00000288206ba000, 0x00000288206c3800, 0x00000288206c0800, 0x00000288206c1000,
0x00000288206c2000, 0x00000288206c4800, 0x00000288206c3000, 0x0000028822510800,
0x0000028822510000, 0x000002882250e000, 0x000002882250c800, 0x0000028822511800,
0x000002882250f000, 0x0000028822512800, 0x0000028822513000, 0x000002882250d800,
0x0000028822515800, 0x0000028822516800, 0x0000028822517000, 0x0000028822518000,
0x0000028822519000, 0x0000028822519800, 0x0000028822515000, 0x0000028822514000,
0x000002882251a800, 0x000002882251b800, 0x00000288228eb800, 0x00000288228ee800,
0x00000288228ef800, 0x00000288228f0800, 0x00000288228ea800, 0x00000288228f2000,
0x00000288228f1000, 0x00000288228ed000, 0x00000288228ee000, 0x00000288228f4800,
0x00000288228f8800, 0x00000288228f6000, 0x00000288228f7000, 0x00000288228f7800,
0x00000288228f3800, 0x00000288228f5000, 0x00000288228fb800, 0x00000288228fb000,
0x00000288228fc800, 0x00000288228fa000, 0x00000288228fd800, 0x00000288228fe000,
0x00000288228ff000, 0x00000288228f9800, 0x0000028822902800, 0x0000028822901800,
0x0000028822903000, 0x0000028822904000, 0x0000028822904800, 0x0000028822905800,
0x0000028822900000, 0x0000028822906800, 0x0000028822900800, 0x0000028822909000,
0x0000028822907000, 0x0000028822909800, 0x0000028822908000, 0x0000028824581000,
0x000002882457f800, 0x0000028824582000, 0x000002882457c000, 0x0000028824582800,
0x000002882457d000, 0x0000028824583800, 0x0000028824580000, 0x000002882457e800,
0x000002882457e000, 0x0000028824587800, 0x000002882458a000, 0x0000028824586000,
0x0000028824588800
}

Java Threads: ( => current thread )
  0x000002887cd81800 JavaThread "main" [_thread_blocked, id=23904, stack(0x000000be66100000,0x000000be66200000)]
  0x000002881b69a000 JavaThread "Reference Handler" daemon [_thread_blocked, id=8264, stack(0x000000be66800000,0x000000be66900000)]
  0x000002881b6a5000 JavaThread "Finalizer" daemon [_thread_blocked, id=30632, stack(0x000000be66900000,0x000000be66a00000)]
  0x000002881c025800 JavaThread "Signal Dispatcher" daemon [_thread_blocked, id=7800, stack(0x000000be66a00000,0x000000be66b00000)]
  0x000002881c027800 JavaThread "Attach Listener" daemon [_thread_blocked, id=9444, stack(0x000000be66b00000,0x000000be66c00000)]
  0x000002881c028800 JavaThread "Service Thread" daemon [_thread_blocked, id=5296, stack(0x000000be66c00000,0x000000be66d00000)]
=>0x000002881c02b800 JavaThread "C2 CompilerThread0" daemon [_thread_in_native, id=21552, stack(0x000000be66d00000,0x000000be66e00000)]
  0x000002881c02d000 JavaThread "C1 CompilerThread0" daemon [_thread_blocked, id=28028, stack(0x000000be66e00000,0x000000be66f00000)]
  0x000002881c033000 JavaThread "Sweeper thread" daemon [_thread_blocked, id=7196, stack(0x000000be66f00000,0x000000be67000000)]
  0x000002881c18a800 JavaThread "Common-Cleaner" daemon [_thread_blocked, id=21780, stack(0x000000be67000000,0x000000be67100000)]
  0x000002881da51800 JavaThread "Daemon health stats" [_thread_blocked, id=5192, stack(0x000000be67300000,0x000000be67400000)]
  0x000002881d590000 JavaThread "Incoming local TCP Connector on port 14222" [_thread_in_native, id=26288, stack(0x000000be67400000,0x000000be67500000)]
  0x000002881d478800 JavaThread "Daemon periodic checks" [_thread_blocked, id=23312, stack(0x000000be67500000,0x000000be67600000)]
  0x000002881d147800 JavaThread "Daemon" [_thread_blocked, id=23232, stack(0x000000be67600000,0x000000be67700000)]
  0x000002881d52d800 JavaThread "Handler for socket connection from /127.0.0.1:14222 to /127.0.0.1:14223" [_thread_in_native, id=5924, stack(0x000000be67700000,0x000000be67800000)]
  0x000002881e025000 JavaThread "Cancel handler" [_thread_blocked, id=17608, stack(0x000000be67800000,0x000000be67900000)]
  0x000002881dbad800 JavaThread "Daemon worker" [_thread_blocked, id=19500, stack(0x000000be67900000,0x000000be67a00000)]
  0x000002881db0d800 JavaThread "Asynchronous log dispatcher for DefaultDaemonConnection: socket connection from /127.0.0.1:14222 to /127.0.0.1:14223" [_thread_blocked, id=26808, stack(0x000000be67a00000,0x000000be67b00000)]
  0x000002881d070800 JavaThread "Stdin handler" [_thread_blocked, id=1296, stack(0x000000be67b00000,0x000000be67c00000)]
  0x000002881e23c000 JavaThread "Daemon client event forwarder" [_thread_blocked, id=24852, stack(0x000000be67c00000,0x000000be67d00000)]
  0x000002881e238000 JavaThread "Cache worker for journal cache (C:\Users\Midhun\.gradle\caches\journal-1)" [_thread_blocked, id=22896, stack(0x000000be68a00000,0x000000be68b00000)]
  0x000002881e23d000 JavaThread "File lock request listener" [_thread_in_native, id=772, stack(0x000000be68b00000,0x000000be68c00000)]
  0x000002881e23b800 JavaThread "Cache worker for file hash cache (C:\Users\Midhun\.gradle\caches\7.3.3\fileHashes)" [_thread_blocked, id=17148, stack(0x000000be68c00000,0x000000be68d00000)]
  0x000002881e23d800 JavaThread "Cache worker for file hash cache (C:\Users\Midhun\Desktop\drops\.gradle\7.3.3\fileHashes)" [_thread_blocked, id=22376, stack(0x000000be68f00000,0x000000be69000000)]
  0x000002881e23e800 JavaThread "File watcher server" daemon [_thread_in_native, id=28248, stack(0x000000be69000000,0x000000be69100000)]
  0x000002881e239000 JavaThread "File watcher consumer" daemon [_thread_blocked, id=29664, stack(0x000000be69100000,0x000000be69200000)]
  0x000002881e239800 JavaThread "Cache worker for checksums cache (C:\Users\Midhun\Desktop\drops\.gradle\7.3.3\checksums)" [_thread_blocked, id=27860, stack(0x000000be69200000,0x000000be69300000)]
  0x000002881e23a800 JavaThread "Cache worker for cache directory md-supplier (C:\Users\Midhun\.gradle\caches\7.3.3\md-supplier)" [_thread_blocked, id=28488, stack(0x000000be69300000,0x000000be69400000)]
  0x000002881e6bb800 JavaThread "Cache worker for cache directory md-rule (C:\Users\Midhun\.gradle\caches\7.3.3\md-rule)" [_thread_blocked, id=26380, stack(0x000000be69400000,0x000000be69500000)]
  0x000002881e6b8000 JavaThread "Cache worker for execution history cache (C:\Users\Midhun\.gradle\caches\7.3.3\executionHistory)" [_thread_blocked, id=17908, stack(0x000000be69500000,0x000000be69600000)]
  0x000002881e6be000 JavaThread "jar transforms" [_thread_blocked, id=2764, stack(0x000000be69600000,0x000000be69700000)]
  0x000002881e6ba000 JavaThread "jar transforms Thread 2" [_thread_blocked, id=26388, stack(0x000000be69700000,0x000000be69800000)]
  0x000002881e6bd000 JavaThread "Cache worker for file content cache (C:\Users\Midhun\.gradle\caches\7.3.3\fileContent)" [_thread_blocked, id=26760, stack(0x000000be69800000,0x000000be69900000)]
  0x000002881e6ba800 JavaThread "Cache worker for dependencies-accessors (C:\Users\Midhun\Desktop\drops\.gradle\7.3.3\dependencies-accessors)" [_thread_blocked, id=29580, stack(0x000000be69900000,0x000000be69a00000)]
  0x000002881e6b9000 JavaThread "jar transforms Thread 3" [_thread_blocked, id=29236, stack(0x000000be69a00000,0x000000be69b00000)]
  0x000002881e6c4800 JavaThread "Cache worker for Build Output Cleanup Cache (C:\Users\Midhun\Desktop\drops\.gradle\buildOutputCleanup)" [_thread_blocked, id=24972, stack(0x000000be69b00000,0x000000be69c00000)]
  0x000002881e6c3000 JavaThread "Unconstrained build operations" [_thread_blocked, id=6696, stack(0x000000be69c00000,0x000000be69d00000)]
  0x000002881e6c3800 JavaThread "Unconstrained build operations Thread 2" [_thread_blocked, id=27152, stack(0x000000be69d00000,0x000000be69e00000)]
  0x000002881e6c0800 JavaThread "Unconstrained build operations Thread 3" [_thread_blocked, id=22468, stack(0x000000be69e00000,0x000000be69f00000)]
  0x000002881e6c5800 JavaThread "Unconstrained build operations Thread 4" [_thread_blocked, id=29480, stack(0x000000be69f00000,0x000000be6a000000)]
  0x000002881e6bf800 JavaThread "Unconstrained build operations Thread 5" [_thread_blocked, id=8232, stack(0x000000be6a000000,0x000000be6a100000)]
  0x000002881e6c7000 JavaThread "Unconstrained build operations Thread 6" [_thread_blocked, id=18984, stack(0x000000be6a100000,0x000000be6a200000)]
  0x000002881e6c2000 JavaThread "Unconstrained build operations Thread 7" [_thread_blocked, id=29896, stack(0x000000be6a200000,0x000000be6a300000)]
  0x000002881e6c6000 JavaThread "Unconstrained build operations Thread 8" [_thread_blocked, id=15812, stack(0x000000be6a300000,0x000000be6a400000)]
  0x000002881e6c1000 JavaThread "Unconstrained build operations Thread 9" [_thread_blocked, id=6464, stack(0x000000be6a400000,0x000000be6a500000)]
  0x00000288201bb000 JavaThread "Unconstrained build operations Thread 10" [_thread_blocked, id=25580, stack(0x000000be6a500000,0x000000be6a600000)]
  0x00000288201bf000 JavaThread "Unconstrained build operations Thread 11" [_thread_blocked, id=23576, stack(0x000000be6a600000,0x000000be6a700000)]
  0x00000288201bc800 JavaThread "Unconstrained build operations Thread 12" [_thread_blocked, id=28152, stack(0x000000be6a700000,0x000000be6a800000)]
  0x00000288201b9800 JavaThread "Unconstrained build operations Thread 13" [_thread_blocked, id=22284, stack(0x000000be6a800000,0x000000be6a900000)]
  0x00000288201bd800 JavaThread "Unconstrained build operations Thread 14" [_thread_blocked, id=14452, stack(0x000000be6a900000,0x000000be6aa00000)]
  0x00000288201be000 JavaThread "Unconstrained build operations Thread 15" [_thread_blocked, id=9612, stack(0x000000be6aa00000,0x000000be6ab00000)]
  0x00000288201bb800 JavaThread "Unconstrained build operations Thread 16" [_thread_blocked, id=18520, stack(0x000000be6ab00000,0x000000be6ac00000)]
  0x00000288201c0000 JavaThread "Unconstrained build operations Thread 17" [_thread_blocked, id=2900, stack(0x000000be6ac00000,0x000000be6ad00000)]
  0x00000288201ba000 JavaThread "Unconstrained build operations Thread 18" [_thread_blocked, id=4416, stack(0x000000be6ad00000,0x000000be6ae00000)]
  0x00000288201c2800 JavaThread "Unconstrained build operations Thread 19" [_thread_blocked, id=30628, stack(0x000000be6ae00000,0x000000be6af00000)]
  0x00000288201c1800 JavaThread "Unconstrained build operations Thread 20" [_thread_blocked, id=27876, stack(0x000000be6af00000,0x000000be6b000000)]
  0x00000288201c3000 JavaThread "Unconstrained build operations Thread 21" [_thread_blocked, id=9260, stack(0x000000be6b000000,0x000000be6b100000)]
  0x00000288201c4000 JavaThread "Unconstrained build operations Thread 22" [_thread_blocked, id=17404, stack(0x000000be6b100000,0x000000be6b200000)]
  0x00000288201c4800 JavaThread "Unconstrained build operations Thread 23" [_thread_blocked, id=30644, stack(0x000000be6b200000,0x000000be6b300000)]
  0x00000288201c0800 JavaThread "Unconstrained build operations Thread 24" [_thread_blocked, id=25960, stack(0x000000be6b300000,0x000000be6b400000)]
  0x00000288201c8000 JavaThread "Unconstrained build operations Thread 25" [_thread_blocked, id=13104, stack(0x000000be6b400000,0x000000be6b500000)]
  0x00000288201c5800 JavaThread "Unconstrained build operations Thread 26" [_thread_blocked, id=6664, stack(0x000000be6b500000,0x000000be6b600000)]
  0x00000288201c6800 JavaThread "Unconstrained build operations Thread 27" [_thread_blocked, id=23732, stack(0x000000be6b600000,0x000000be6b700000)]
  0x00000288201c7000 JavaThread "Unconstrained build operations Thread 28" [_thread_blocked, id=17208, stack(0x000000be6b700000,0x000000be6b800000)]
  0x0000028820269800 JavaThread "Unconstrained build operations Thread 29" [_thread_blocked, id=28592, stack(0x000000be6b800000,0x000000be6b900000)]
  0x000002882026a000 JavaThread "Unconstrained build operations Thread 30" [_thread_blocked, id=4068, stack(0x000000be6b900000,0x000000be6ba00000)]
  0x0000028820267000 JavaThread "Unconstrained build operations Thread 31" [_thread_blocked, id=29900, stack(0x000000be6ba00000,0x000000be6bb00000)]
  0x0000028820266000 JavaThread "Unconstrained build operations Thread 32" [_thread_blocked, id=2020, stack(0x000000be6bb00000,0x000000be6bc00000)]
  0x0000028820267800 JavaThread "Unconstrained build operations Thread 33" [_thread_blocked, id=29888, stack(0x000000be6bc00000,0x000000be6bd00000)]
  0x000002882026b000 JavaThread "Unconstrained build operations Thread 34" [_thread_blocked, id=17640, stack(0x000000be6bd00000,0x000000be6be00000)]
  0x0000028820268800 JavaThread "Unconstrained build operations Thread 35" [_thread_blocked, id=20296, stack(0x000000be6be00000,0x000000be6bf00000)]
  0x0000028820265800 JavaThread "Unconstrained build operations Thread 36" [_thread_blocked, id=2164, stack(0x000000be6bf00000,0x000000be6c000000)]
  0x0000028820271800 JavaThread "Unconstrained build operations Thread 37" [_thread_blocked, id=25120, stack(0x000000be6c000000,0x000000be6c100000)]
  0x0000028820270800 JavaThread "Unconstrained build operations Thread 38" [_thread_blocked, id=25816, stack(0x000000be6c100000,0x000000be6c200000)]
  0x000002882026f000 JavaThread "Unconstrained build operations Thread 39" [_thread_blocked, id=2304, stack(0x000000be6c200000,0x000000be6c300000)]
  0x000002882026c000 JavaThread "Unconstrained build operations Thread 40" [_thread_blocked, id=27540, stack(0x000000be6c300000,0x000000be6c400000)]
  0x0000028820272800 JavaThread "Unconstrained build operations Thread 41" [_thread_blocked, id=7040, stack(0x000000be6c400000,0x000000be6c500000)]
  0x000002882026c800 JavaThread "Unconstrained build operations Thread 42" [_thread_blocked, id=27044, stack(0x000000be6c500000,0x000000be6c600000)]
  0x0000028820273000 JavaThread "Unconstrained build operations Thread 43" [_thread_blocked, id=17220, stack(0x000000be6c600000,0x000000be6c700000)]
  0x000002882026d800 JavaThread "Unconstrained build operations Thread 44" [_thread_blocked, id=17748, stack(0x000000be6c700000,0x000000be6c800000)]
  0x0000028820274000 JavaThread "Unconstrained build operations Thread 45" [_thread_blocked, id=30372, stack(0x000000be6c800000,0x000000be6c900000)]
  0x000002882026e000 JavaThread "Unconstrained build operations Thread 46" [_thread_blocked, id=4216, stack(0x000000be6c900000,0x000000be6ca00000)]
  0x0000028820270000 JavaThread "Unconstrained build operations Thread 47" [_thread_blocked, id=13272, stack(0x000000be6ca00000,0x000000be6cb00000)]
  0x00000288207ad800 JavaThread "Unconstrained build operations Thread 48" [_thread_blocked, id=9360, stack(0x000000be6cb00000,0x000000be6cc00000)]
  0x00000288207b0000 JavaThread "Unconstrained build operations Thread 49" [_thread_blocked, id=26796, stack(0x000000be6cc00000,0x000000be6cd00000)]
  0x00000288207b2000 JavaThread "Unconstrained build operations Thread 50" [_thread_blocked, id=26564, stack(0x000000be6cd00000,0x000000be6ce00000)]
  0x00000288207ac000 JavaThread "Unconstrained build operations Thread 51" [_thread_blocked, id=29600, stack(0x000000be6ce00000,0x000000be6cf00000)]
  0x00000288207b2800 JavaThread "Unconstrained build operations Thread 52" [_thread_blocked, id=20372, stack(0x000000be6cf00000,0x000000be6d000000)]
  0x00000288207ae800 JavaThread "Unconstrained build operations Thread 53" [_thread_blocked, id=28108, stack(0x000000be6d000000,0x000000be6d100000)]
  0x00000288207b1000 JavaThread "Unconstrained build operations Thread 54" [_thread_blocked, id=30344, stack(0x000000be6d100000,0x000000be6d200000)]
  0x00000288207ad000 JavaThread "Unconstrained build operations Thread 55" [_thread_blocked, id=3808, stack(0x000000be6d200000,0x000000be6d300000)]
  0x00000288207b5000 JavaThread "Unconstrained build operations Thread 56" [_thread_blocked, id=22840, stack(0x000000be6d300000,0x000000be6d400000)]
  0x00000288207b3800 JavaThread "Unconstrained build operations Thread 57" [_thread_blocked, id=20532, stack(0x000000be6d400000,0x000000be6d500000)]
  0x00000288207b4800 JavaThread "Unconstrained build operations Thread 58" [_thread_blocked, id=7980, stack(0x000000be6d500000,0x000000be6d600000)]
  0x00000288207af800 JavaThread "Unconstrained build operations Thread 59" [_thread_blocked, id=8608, stack(0x000000be6d600000,0x000000be6d700000)]
  0x00000288207ba000 JavaThread "Unconstrained build operations Thread 60" [_thread_blocked, id=23156, stack(0x000000be6d700000,0x000000be6d800000)]
  0x00000288207b6000 JavaThread "Unconstrained build operations Thread 61" [_thread_blocked, id=19048, stack(0x000000be6d800000,0x000000be6d900000)]
  0x00000288207b6800 JavaThread "Unconstrained build operations Thread 62" [_thread_blocked, id=24404, stack(0x000000be6d900000,0x000000be6da00000)]
  0x00000288207b7800 JavaThread "Unconstrained build operations Thread 63" [_thread_blocked, id=25880, stack(0x000000be6da00000,0x000000be6db00000)]
  0x00000288207b8800 JavaThread "Unconstrained build operations Thread 64" [_thread_blocked, id=27508, stack(0x000000be6db00000,0x000000be6dc00000)]
  0x00000288207bb000 JavaThread "Unconstrained build operations Thread 65" [_thread_blocked, id=18708, stack(0x000000be6dc00000,0x000000be6dd00000)]
  0x00000288207b9000 JavaThread "Unconstrained build operations Thread 66" [_thread_blocked, id=18288, stack(0x000000be6dd00000,0x000000be6de00000)]
  0x0000028820642800 JavaThread "Unconstrained build operations Thread 67" [_thread_blocked, id=30544, stack(0x000000be6de00000,0x000000be6df00000)]
  0x0000028820645000 JavaThread "Unconstrained build operations Thread 68" [_thread_blocked, id=24240, stack(0x000000be6df00000,0x000000be6e000000)]
  0x0000028820643800 JavaThread "Unconstrained build operations Thread 69" [_thread_blocked, id=27644, stack(0x000000be6e000000,0x000000be6e100000)]
  0x0000028820648800 JavaThread "Unconstrained build operations Thread 70" [_thread_blocked, id=7852, stack(0x000000be6e100000,0x000000be6e200000)]
  0x000002882064a000 JavaThread "Unconstrained build operations Thread 71" [_thread_blocked, id=12764, stack(0x000000be6e200000,0x000000be6e300000)]
  0x0000028820644000 JavaThread "Unconstrained build operations Thread 72" [_thread_blocked, id=19276, stack(0x000000be6e300000,0x000000be6e400000)]
  0x000002882064b800 JavaThread "Unconstrained build operations Thread 73" [_thread_blocked, id=27320, stack(0x000000be6e400000,0x000000be6e500000)]
  0x000002882064a800 JavaThread "Unconstrained build operations Thread 74" [_thread_blocked, id=24232, stack(0x000000be6e500000,0x000000be6e600000)]
  0x0000028820649000 JavaThread "Unconstrained build operations Thread 75" [_thread_blocked, id=23176, stack(0x000000be6e600000,0x000000be6e700000)]
  0x0000028820646000 JavaThread "Unconstrained build operations Thread 76" [_thread_blocked, id=27848, stack(0x000000be6e700000,0x000000be6e800000)]
  0x0000028820647800 JavaThread "Unconstrained build operations Thread 77" [_thread_blocked, id=22240, stack(0x000000be6e800000,0x000000be6e900000)]
  0x000002882064c800 JavaThread "Unconstrained build operations Thread 78" [_thread_blocked, id=20056, stack(0x000000be6e900000,0x000000be6ea00000)]
  0x0000028820646800 JavaThread "Unconstrained build operations Thread 79" [_thread_blocked, id=13380, stack(0x000000be6ea00000,0x000000be6eb00000)]
  0x000002882064d000 JavaThread "Unconstrained build operations Thread 80" [_thread_blocked, id=26532, stack(0x000000be6eb00000,0x000000be6ec00000)]
  0x000002882064e000 JavaThread "Unconstrained build operations Thread 81" [_thread_blocked, id=28584, stack(0x000000be6ec00000,0x000000be6ed00000)]
  0x0000028820650800 JavaThread "Unconstrained build operations Thread 82" [_thread_blocked, id=29880, stack(0x000000be6ed00000,0x000000be6ee00000)]
  0x000002882064f000 JavaThread "Unconstrained build operations Thread 83" [_thread_blocked, id=23460, stack(0x000000be6ee00000,0x000000be6ef00000)]
  0x000002882064f800 JavaThread "Unconstrained build operations Thread 84" [_thread_blocked, id=28660, stack(0x000000be6ef00000,0x000000be6f000000)]
  0x0000028820651000 JavaThread "Unconstrained build operations Thread 85" [_thread_blocked, id=30012, stack(0x000000be6f000000,0x000000be6f100000)]
  0x000002882068a000 JavaThread "Unconstrained build operations Thread 86" [_thread_blocked, id=10896, stack(0x000000be6f100000,0x000000be6f200000)]
  0x000002882068c000 JavaThread "Unconstrained build operations Thread 87" [_thread_blocked, id=24996, stack(0x000000be6f200000,0x000000be6f300000)]
  0x000002882068b000 JavaThread "Unconstrained build operations Thread 88" [_thread_blocked, id=19272, stack(0x000000be6f300000,0x000000be6f400000)]
  0x000002882068c800 JavaThread "Unconstrained build operations Thread 89" [_thread_blocked, id=4968, stack(0x000000be6f400000,0x000000be6f500000)]
  0x000002882068d800 JavaThread "Unconstrained build operations Thread 90" [_thread_blocked, id=24252, stack(0x000000be6f500000,0x000000be6f600000)]
  0x0000028820689800 JavaThread "Unconstrained build operations Thread 91" [_thread_blocked, id=16576, stack(0x000000be6f600000,0x000000be6f700000)]
  0x000002882068e800 JavaThread "Unconstrained build operations Thread 92" [_thread_blocked, id=21740, stack(0x000000be6f700000,0x000000be6f800000)]
  0x000002882068f000 JavaThread "Unconstrained build operations Thread 93" [_thread_blocked, id=11152, stack(0x000000be6f800000,0x000000be6f900000)]
  0x0000028820691800 JavaThread "Unconstrained build operations Thread 94" [_thread_blocked, id=30648, stack(0x000000be6f900000,0x000000be6fa00000)]
  0x0000028820693000 JavaThread "Unconstrained build operations Thread 95" [_thread_blocked, id=16640, stack(0x000000be6fa00000,0x000000be6fb00000)]
  0x0000028820695800 JavaThread "Unconstrained build operations Thread 96" [_thread_blocked, id=19292, stack(0x000000be6fb00000,0x000000be6fc00000)]
  0x0000028820695000 JavaThread "Unconstrained build operations Thread 97" [_thread_blocked, id=30180, stack(0x000000be6fc00000,0x000000be6fd00000)]
  0x0000028820692800 JavaThread "Unconstrained build operations Thread 98" [_thread_blocked, id=23420, stack(0x000000be6fd00000,0x000000be6fe00000)]
  0x0000028820690800 JavaThread "Unconstrained build operations Thread 99" [_thread_blocked, id=10060, stack(0x000000be6fe00000,0x000000be6ff00000)]
  0x0000028820694000 JavaThread "Unconstrained build operations Thread 100" [_thread_blocked, id=24700, stack(0x000000be6ff00000,0x000000be70000000)]
  0x0000028820690000 JavaThread "Unconstrained build operations Thread 101" [_thread_blocked, id=27916, stack(0x000000be70000000,0x000000be70100000)]
  0x0000028820697000 JavaThread "Unconstrained build operations Thread 102" [_thread_blocked, id=20316, stack(0x000000be70100000,0x000000be70200000)]
  0x0000028820696800 JavaThread "Unconstrained build operations Thread 103" [_thread_blocked, id=29628, stack(0x000000be70200000,0x000000be70300000)]
  0x0000028820698000 JavaThread "Unconstrained build operations Thread 104" [_thread_blocked, id=6600, stack(0x000000be70300000,0x000000be70400000)]
  0x00000288206b5800 JavaThread "Unconstrained build operations Thread 105" [_thread_blocked, id=9492, stack(0x000000be70400000,0x000000be70500000)]
  0x00000288206ba800 JavaThread "Unconstrained build operations Thread 106" [_thread_blocked, id=27056, stack(0x000000be70500000,0x000000be70600000)]
  0x00000288206b8000 JavaThread "Unconstrained build operations Thread 107" [_thread_blocked, id=10928, stack(0x000000be70600000,0x000000be70700000)]
  0x00000288206bb800 JavaThread "Unconstrained build operations Thread 108" [_thread_blocked, id=27396, stack(0x000000be70700000,0x000000be70800000)]
  0x00000288206b6800 JavaThread "Unconstrained build operations Thread 109" [_thread_blocked, id=27160, stack(0x000000be70800000,0x000000be70900000)]
  0x00000288206b7800 JavaThread "Unconstrained build operations Thread 110" [_thread_blocked, id=26536, stack(0x000000be70900000,0x000000be70a00000)]
  0x00000288206bc800 JavaThread "Unconstrained build operations Thread 111" [_thread_blocked, id=22448, stack(0x000000be70a00000,0x000000be70b00000)]
  0x00000288206bd000 JavaThread "Unconstrained build operations Thread 112" [_thread_blocked, id=8548, stack(0x000000be70b00000,0x000000be70c00000)]
  0x00000288206be800 JavaThread "Unconstrained build operations Thread 113" [_thread_blocked, id=28448, stack(0x000000be70c00000,0x000000be70d00000)]
  0x00000288206be000 JavaThread "Unconstrained build operations Thread 114" [_thread_blocked, id=22660, stack(0x000000be70d00000,0x000000be70e00000)]
  0x00000288206b9000 JavaThread "Unconstrained build operations Thread 115" [_thread_blocked, id=27356, stack(0x000000be70e00000,0x000000be70f00000)]
  0x00000288206bf800 JavaThread "Unconstrained build operations Thread 116" [_thread_blocked, id=20980, stack(0x000000be70f00000,0x000000be71000000)]
  0x00000288206ba000 JavaThread "Unconstrained build operations Thread 117" [_thread_blocked, id=29328, stack(0x000000be71000000,0x000000be71100000)]
  0x00000288206c3800 JavaThread "Unconstrained build operations Thread 118" [_thread_blocked, id=14132, stack(0x000000be71100000,0x000000be71200000)]
  0x00000288206c0800 JavaThread "Unconstrained build operations Thread 119" [_thread_blocked, id=12344, stack(0x000000be71200000,0x000000be71300000)]
  0x00000288206c1000 JavaThread "Unconstrained build operations Thread 120" [_thread_blocked, id=24140, stack(0x000000be71300000,0x000000be71400000)]
  0x00000288206c2000 JavaThread "Unconstrained build operations Thread 121" [_thread_blocked, id=28756, stack(0x000000be71400000,0x000000be71500000)]
  0x00000288206c4800 JavaThread "Unconstrained build operations Thread 122" [_thread_blocked, id=9520, stack(0x000000be71500000,0x000000be71600000)]
  0x00000288206c3000 JavaThread "Unconstrained build operations Thread 123" [_thread_blocked, id=20704, stack(0x000000be71600000,0x000000be71700000)]
  0x0000028822510800 JavaThread "Unconstrained build operations Thread 124" [_thread_blocked, id=14104, stack(0x000000be71700000,0x000000be71800000)]
  0x0000028822510000 JavaThread "Unconstrained build operations Thread 125" [_thread_blocked, id=22668, stack(0x000000be71800000,0x000000be71900000)]
  0x000002882250e000 JavaThread "Unconstrained build operations Thread 126" [_thread_blocked, id=18424, stack(0x000000be71900000,0x000000be71a00000)]
  0x000002882250c800 JavaThread "Unconstrained build operations Thread 127" [_thread_blocked, id=27096, stack(0x000000be71a00000,0x000000be71b00000)]
  0x0000028822511800 JavaThread "Unconstrained build operations Thread 128" [_thread_blocked, id=10760, stack(0x000000be71b00000,0x000000be71c00000)]
  0x000002882250f000 JavaThread "Unconstrained build operations Thread 129" [_thread_blocked, id=26740, stack(0x000000be71c00000,0x000000be71d00000)]
  0x0000028822512800 JavaThread "Unconstrained build operations Thread 130" [_thread_blocked, id=20656, stack(0x000000be71d00000,0x000000be71e00000)]
  0x0000028822513000 JavaThread "Unconstrained build operations Thread 131" [_thread_blocked, id=7372, stack(0x000000be71e00000,0x000000be71f00000)]
  0x000002882250d800 JavaThread "Unconstrained build operations Thread 132" [_thread_blocked, id=23780, stack(0x000000be71f00000,0x000000be72000000)]
  0x0000028822515800 JavaThread "Unconstrained build operations Thread 133" [_thread_blocked, id=26704, stack(0x000000be72000000,0x000000be72100000)]
  0x0000028822516800 JavaThread "Unconstrained build operations Thread 134" [_thread_blocked, id=11072, stack(0x000000be72100000,0x000000be72200000)]
  0x0000028822517000 JavaThread "Unconstrained build operations Thread 135" [_thread_blocked, id=16584, stack(0x000000be72200000,0x000000be72300000)]
  0x0000028822518000 JavaThread "Unconstrained build operations Thread 136" [_thread_blocked, id=29396, stack(0x000000be72300000,0x000000be72400000)]
  0x0000028822519000 JavaThread "Unconstrained build operations Thread 137" [_thread_blocked, id=28724, stack(0x000000be72400000,0x000000be72500000)]
  0x0000028822519800 JavaThread "jar transforms Thread 4" [_thread_blocked, id=22576, stack(0x000000be72500000,0x000000be72600000)]
  0x0000028822515000 JavaThread "jar transforms Thread 5" [_thread_blocked, id=30668, stack(0x000000be72600000,0x000000be72700000)]
  0x0000028822514000 JavaThread "jar transforms Thread 6" [_thread_blocked, id=11368, stack(0x000000be72700000,0x000000be72800000)]
  0x000002882251a800 JavaThread "jar transforms Thread 7" [_thread_blocked, id=28260, stack(0x000000be72800000,0x000000be72900000)]
  0x000002882251b800 JavaThread "jar transforms Thread 8" [_thread_blocked, id=22792, stack(0x000000be72900000,0x000000be72a00000)]
  0x00000288228eb800 JavaThread "jar transforms Thread 9" [_thread_blocked, id=22688, stack(0x000000be72a00000,0x000000be72b00000)]
  0x00000288228ee800 JavaThread "jar transforms Thread 10" [_thread_blocked, id=27480, stack(0x000000be72b00000,0x000000be72c00000)]
  0x00000288228ef800 JavaThread "jar transforms Thread 11" [_thread_blocked, id=25976, stack(0x000000be72c00000,0x000000be72d00000)]
  0x00000288228f0800 JavaThread "jar transforms Thread 12" [_thread_blocked, id=17960, stack(0x000000be72d00000,0x000000be72e00000)]
  0x00000288228ea800 JavaThread "jar transforms Thread 13" [_thread_blocked, id=15948, stack(0x000000be72e00000,0x000000be72f00000)]
  0x00000288228f2000 JavaThread "jar transforms Thread 14" [_thread_blocked, id=6808, stack(0x000000be72f00000,0x000000be73000000)]
  0x00000288228f1000 JavaThread "jar transforms Thread 15" [_thread_blocked, id=2068, stack(0x000000be73000000,0x000000be73100000)]
  0x00000288228ed000 JavaThread "jar transforms Thread 16" [_thread_blocked, id=7428, stack(0x000000be73100000,0x000000be73200000)]
  0x00000288228ee000 JavaThread "Memory manager" [_thread_blocked, id=25788, stack(0x000000be73200000,0x000000be73300000)]
  0x00000288228f4800 JavaThread "build event listener" [_thread_blocked, id=26588, stack(0x000000be73300000,0x000000be73400000)]
  0x00000288228f8800 JavaThread "pool-3-thread-1" [_thread_blocked, id=19980, stack(0x000000be73400000,0x000000be73500000)]
  0x00000288228f6000 JavaThread "build event listener" [_thread_blocked, id=4888, stack(0x000000be73500000,0x000000be73600000)]
  0x00000288228f7000 JavaThread "Execution worker for ':'" [_thread_blocked, id=29108, stack(0x000000be73600000,0x000000be73700000)]
  0x00000288228f7800 JavaThread "Execution worker for ':' Thread 2" [_thread_blocked, id=18656, stack(0x000000be73700000,0x000000be73800000)]
  0x00000288228f3800 JavaThread "Execution worker for ':' Thread 3" [_thread_in_vm, id=20400, stack(0x000000be73800000,0x000000be73900000)]
  0x00000288228f5000 JavaThread "Execution worker for ':' Thread 4" [_thread_blocked, id=29632, stack(0x000000be73900000,0x000000be73a00000)]
  0x00000288228fb800 JavaThread "Execution worker for ':' Thread 5" [_thread_blocked, id=28088, stack(0x000000be73a00000,0x000000be73b00000)]
  0x00000288228fb000 JavaThread "Execution worker for ':' Thread 6" [_thread_blocked, id=17616, stack(0x000000be73b00000,0x000000be73c00000)]
  0x00000288228fc800 JavaThread "Execution worker for ':' Thread 7" [_thread_blocked, id=8372, stack(0x000000be73c00000,0x000000be73d00000)]
  0x00000288228fa000 JavaThread "Execution worker for ':' Thread 8" [_thread_blocked, id=28396, stack(0x000000be73d00000,0x000000be73e00000)]
  0x00000288228fd800 JavaThread "Execution worker for ':' Thread 9" [_thread_blocked, id=18396, stack(0x000000be73e00000,0x000000be73f00000)]
  0x00000288228fe000 JavaThread "Execution worker for ':' Thread 10" [_thread_blocked, id=17884, stack(0x000000be73f00000,0x000000be74000000)]
  0x00000288228ff000 JavaThread "Execution worker for ':' Thread 11" [_thread_blocked, id=9384, stack(0x000000be74000000,0x000000be74100000)]
  0x00000288228f9800 JavaThread "Execution worker for ':' Thread 12" [_thread_blocked, id=30588, stack(0x000000be74100000,0x000000be74200000)]
  0x0000028822902800 JavaThread "Execution worker for ':' Thread 13" [_thread_blocked, id=7276, stack(0x000000be74200000,0x000000be74300000)]
  0x0000028822901800 JavaThread "Execution worker for ':' Thread 14" [_thread_blocked, id=24872, stack(0x000000be74300000,0x000000be74400000)]
  0x0000028822903000 JavaThread "Execution worker for ':' Thread 15" [_thread_blocked, id=2728, stack(0x000000be74400000,0x000000be74500000)]
  0x0000028822904000 JavaThread "Cache worker for execution history cache (C:\Users\Midhun\Desktop\drops\.gradle\7.3.3\executionHistory)" [_thread_blocked, id=1588, stack(0x000000be74500000,0x000000be74600000)]
  0x0000028822904800 JavaThread "Unconstrained build operations Thread 138" [_thread_blocked, id=6960, stack(0x000000be74600000,0x000000be74700000)]
  0x0000028822905800 JavaThread "Unconstrained build operations Thread 139" [_thread_blocked, id=20768, stack(0x000000be74700000,0x000000be74800000)]
  0x0000028822900000 JavaThread "Unconstrained build operations Thread 140" [_thread_blocked, id=436, stack(0x000000be74800000,0x000000be74900000)]
  0x0000028822906800 JavaThread "Unconstrained build operations Thread 141" [_thread_blocked, id=10056, stack(0x000000be74900000,0x000000be74a00000)]
  0x0000028822900800 JavaThread "Unconstrained build operations Thread 142" [_thread_blocked, id=22968, stack(0x000000be74a00000,0x000000be74b00000)]
  0x0000028822909000 JavaThread "Unconstrained build operations Thread 143" [_thread_blocked, id=11940, stack(0x000000be74b00000,0x000000be74c00000)]
  0x0000028822907000 JavaThread "Unconstrained build operations Thread 144" [_thread_blocked, id=6648, stack(0x000000be74c00000,0x000000be74d00000)]
  0x0000028822909800 JavaThread "Unconstrained build operations Thread 145" [_thread_blocked, id=25364, stack(0x000000be74d00000,0x000000be74e00000)]
  0x0000028822908000 JavaThread "Unconstrained build operations Thread 146" [_thread_blocked, id=27528, stack(0x000000be74e00000,0x000000be74f00000)]
  0x0000028824581000 JavaThread "Unconstrained build operations Thread 147" [_thread_blocked, id=18660, stack(0x000000be74f00000,0x000000be75000000)]
  0x000002882457f800 JavaThread "Unconstrained build operations Thread 148" [_thread_blocked, id=28196, stack(0x000000be75000000,0x000000be75100000)]
  0x0000028824582000 JavaThread "Unconstrained build operations Thread 149" [_thread_blocked, id=17896, stack(0x000000be75100000,0x000000be75200000)]
  0x000002882457c000 JavaThread "Unconstrained build operations Thread 150" [_thread_blocked, id=28896, stack(0x000000be75200000,0x000000be75300000)]
  0x0000028824582800 JavaThread "Unconstrained build operations Thread 151" [_thread_blocked, id=3676, stack(0x000000be75300000,0x000000be75400000)]
  0x000002882457d000 JavaThread "Unconstrained build operations Thread 152" [_thread_blocked, id=29892, stack(0x000000be75400000,0x000000be75500000)]
  0x0000028824583800 JavaThread "Unconstrained build operations Thread 153" [_thread_blocked, id=22728, stack(0x000000be75500000,0x000000be75600000)]
  0x0000028824580000 JavaThread "Unconstrained build operations Thread 154" [_thread_blocked, id=2956, stack(0x000000be75600000,0x000000be75700000)]
  0x000002882457e800 JavaThread "Unconstrained build operations Thread 155" [_thread_blocked, id=24420, stack(0x000000be75700000,0x000000be75800000)]
  0x000002882457e000 JavaThread "Unconstrained build operations Thread 156" [_thread_blocked, id=23752, stack(0x000000be75800000,0x000000be75900000)]
  0x0000028824587800 JavaThread "Unconstrained build operations Thread 157" [_thread_blocked, id=29844, stack(0x000000be75900000,0x000000be75a00000)]
  0x000002882458a000 JavaThread "Unconstrained build operations Thread 158" [_thread_blocked, id=14444, stack(0x000000be75a00000,0x000000be75b00000)]
  0x0000028824586000 JavaThread "Unconstrained build operations Thread 159" [_thread_blocked, id=27000, stack(0x000000be75b00000,0x000000be75c00000)]
  0x0000028824588800 JavaThread "Unconstrained build operations Thread 160" [_thread_blocked, id=8160, stack(0x000000be75c00000,0x000000be75d00000)]

Other Threads:
  0x000002881b697800 VMThread "VM Thread" [stack: 0x000000be66700000,0x000000be66800000] [id=24220]
  0x000002881c1b2800 WatcherThread [stack: 0x000000be67100000,0x000000be67200000] [id=20424]
  0x000002887cd9b800 GCTaskThread "GC Thread#0" [stack: 0x000000be66200000,0x000000be66300000] [id=26280]
  0x000002881cbda000 GCTaskThread "GC Thread#1" [stack: 0x000000be67200000,0x000000be67300000] [id=18524]
  0x000002881e240000 GCTaskThread "GC Thread#2" [stack: 0x000000be67d00000,0x000000be67e00000] [id=30112]
  0x000002881db3b000 GCTaskThread "GC Thread#3" [stack: 0x000000be67e00000,0x000000be67f00000] [id=30656]
  0x000002881db74000 GCTaskThread "GC Thread#4" [stack: 0x000000be67f00000,0x000000be68000000] [id=22336]
  0x000002881e0b8800 GCTaskThread "GC Thread#5" [stack: 0x000000be68000000,0x000000be68100000] [id=25792]
  0x000002881e0b9000 GCTaskThread "GC Thread#6" [stack: 0x000000be68100000,0x000000be68200000] [id=25780]
  0x000002881e0bc000 GCTaskThread "GC Thread#7" [stack: 0x000000be68200000,0x000000be68300000] [id=22100]
  0x000002881e0bf000 GCTaskThread "GC Thread#8" [stack: 0x000000be68300000,0x000000be68400000] [id=8416]
  0x000002881e0bd800 GCTaskThread "GC Thread#9" [stack: 0x000000be68400000,0x000000be68500000] [id=29004]
  0x000002881e0bd000 GCTaskThread "GC Thread#10" [stack: 0x000000be68500000,0x000000be68600000] [id=26744]
  0x000002881e0ba000 GCTaskThread "GC Thread#11" [stack: 0x000000be68600000,0x000000be68700000] [id=29876]
  0x000002881e0be000 GCTaskThread "GC Thread#12" [stack: 0x000000be68700000,0x000000be68800000] [id=20388]
  0x000002887cdcd800 ConcurrentGCThread "G1 Main Marker" [stack: 0x000000be66300000,0x000000be66400000] [id=28376]
  0x000002887cdcf800 ConcurrentGCThread "G1 Conc#0" [stack: 0x000000be66400000,0x000000be66500000] [id=16840]
  0x000002881e0ba800 ConcurrentGCThread "G1 Conc#1" [stack: 0x000000be68d00000,0x000000be68e00000] [id=27484]
  0x000002881e0bb800 ConcurrentGCThread "G1 Conc#2" [stack: 0x000000be68e00000,0x000000be68f00000] [id=14756]
  0x000002881b4e5800 ConcurrentGCThread "G1 Refine#0" [stack: 0x000000be66500000,0x000000be66600000] [id=3220]
  0x000002881c3da000 ConcurrentGCThread "G1 Refine#1" [stack: 0x000000be68800000,0x000000be68900000] [id=26804]
  0x000002881e0d4800 ConcurrentGCThread "G1 Refine#2" [stack: 0x000000be68900000,0x000000be68a00000] [id=19252]
  0x000002881b4e8000 ConcurrentGCThread "G1 Young RemSet Sampling" [stack: 0x000000be66600000,0x000000be66700000] [id=21144]

Threads with active compile tasks:
C2 CompilerThread0  16283 11449       4       org.gradle.internal.snapshot.impl.DefaultValueSnapshotter::processValue (675 bytes)

VM state:not at safepoint (normal execution)

VM Mutex/Monitor currently owned by a thread: None

Heap address: 0x0000000080000000, size: 2048 MB, Compressed Oops mode: 32-bit
Narrow klass base: 0x0000000000000000, Narrow klass shift: 3
Compressed class space size: 1073741824 Address: 0x0000000100000000

Heap:
 garbage-first heap   total 147456K, used 103284K [0x0000000080000000, 0x0000000100000000)
  region size 1024K, 14 young (14336K), 4 survivors (4096K)
 Metaspace       used 86988K, capacity 89240K, committed 90416K, reserved 1128448K
  class space    used 11181K, capacity 11963K, committed 12416K, reserved 1048576K
Heap Regions: E=young(eden), S=young(survivor), O=old, HS=humongous(starts), HC=humongous(continues), CS=collection set, F=free, A=archive, TAMS=top-at-mark-start (previous, next)
|   0|0x0000000080000000, 0x0000000080100000, 0x0000000080100000|100%| O|  |TAMS 0x0000000080100000, 0x0000000080000000| Untracked 
|   1|0x0000000080100000, 0x0000000080200000, 0x0000000080200000|100%| O|  |TAMS 0x0000000080200000, 0x0000000080100000| Untracked 
|   2|0x0000000080200000, 0x0000000080300000, 0x0000000080300000|100%| O|  |TAMS 0x0000000080300000, 0x0000000080200000| Untracked 
|   3|0x0000000080300000, 0x0000000080400000, 0x0000000080400000|100%|HS|  |TAMS 0x0000000080400000, 0x0000000080300000| Complete 
|   4|0x0000000080400000, 0x0000000080500000, 0x0000000080500000|100%|HC|  |TAMS 0x0000000080500000, 0x0000000080400000| Complete 
|   5|0x0000000080500000, 0x0000000080600000, 0x0000000080600000|100%|HC|  |TAMS 0x0000000080600000, 0x0000000080500000| Complete 
|   6|0x0000000080600000, 0x0000000080700000, 0x0000000080700000|100%| O|  |TAMS 0x0000000080700000, 0x0000000080600000| Untracked 
|   7|0x0000000080700000, 0x0000000080800000, 0x0000000080800000|100%| O|  |TAMS 0x0000000080800000, 0x0000000080700000| Untracked 
|   8|0x0000000080800000, 0x0000000080900000, 0x0000000080900000|100%| O|  |TAMS 0x0000000080900000, 0x0000000080800000| Untracked 
|   9|0x0000000080900000, 0x0000000080a00000, 0x0000000080a00000|100%| O|  |TAMS 0x0000000080a00000, 0x0000000080900000| Complete 
|  10|0x0000000080a00000, 0x0000000080b00000, 0x0000000080b00000|100%| O|  |TAMS 0x0000000080b00000, 0x0000000080a00000| Untracked 
|  11|0x0000000080b00000, 0x0000000080c00000, 0x0000000080c00000|100%| O|  |TAMS 0x0000000080c00000, 0x0000000080b00000| Untracked 
|  12|0x0000000080c00000, 0x0000000080d00000, 0x0000000080d00000|100%| O|  |TAMS 0x0000000080d00000, 0x0000000080c00000| Untracked 
|  13|0x0000000080d00000, 0x0000000080e00000, 0x0000000080e00000|100%| O|  |TAMS 0x0000000080e00000, 0x0000000080d00000| Untracked 
|  14|0x0000000080e00000, 0x0000000080f00000, 0x0000000080f00000|100%| O|  |TAMS 0x0000000080f00000, 0x0000000080e00000| Untracked 
|  15|0x0000000080f00000, 0x0000000081000000, 0x0000000081000000|100%| O|  |TAMS 0x0000000081000000, 0x0000000080f00000| Untracked 
|  16|0x0000000081000000, 0x0000000081100000, 0x0000000081100000|100%| O|  |TAMS 0x0000000081100000, 0x0000000081000000| Untracked 
|  17|0x0000000081100000, 0x0000000081200000, 0x0000000081200000|100%|HS|  |TAMS 0x0000000081200000, 0x0000000081100000| Complete 
|  18|0x0000000081200000, 0x0000000081300000, 0x0000000081300000|100%| O|  |TAMS 0x0000000081300000, 0x0000000081200000| Untracked 
|  19|0x0000000081300000, 0x0000000081400000, 0x0000000081400000|100%| O|  |TAMS 0x0000000081400000, 0x0000000081300000| Untracked 
|  20|0x0000000081400000, 0x0000000081500000, 0x0000000081500000|100%| O|  |TAMS 0x0000000081500000, 0x0000000081400000| Untracked 
|  21|0x0000000081500000, 0x0000000081600000, 0x0000000081600000|100%| O|  |TAMS 0x0000000081600000, 0x0000000081500000| Complete 
|  22|0x0000000081600000, 0x0000000081700000, 0x0000000081700000|100%| O|  |TAMS 0x0000000081700000, 0x0000000081600000| Untracked 
|  23|0x0000000081700000, 0x0000000081800000, 0x0000000081800000|100%| O|  |TAMS 0x0000000081800000, 0x0000000081700000| Untracked 
|  24|0x0000000081800000, 0x0000000081900000, 0x0000000081900000|100%| O|  |TAMS 0x0000000081900000, 0x0000000081800000| Untracked 
|  25|0x0000000081900000, 0x0000000081a00000, 0x0000000081a00000|100%| O|  |TAMS 0x0000000081a00000, 0x0000000081900000| Untracked 
|  26|0x0000000081a00000, 0x0000000081b00000, 0x0000000081b00000|100%| O|  |TAMS 0x0000000081b00000, 0x0000000081a00000| Untracked 
|  27|0x0000000081b00000, 0x0000000081c00000, 0x0000000081c00000|100%|HS|  |TAMS 0x0000000081c00000, 0x0000000081b00000| Complete 
|  28|0x0000000081c00000, 0x0000000081d00000, 0x0000000081d00000|100%|HS|  |TAMS 0x0000000081d00000, 0x0000000081c00000| Complete 
|  29|0x0000000081d00000, 0x0000000081e00000, 0x0000000081e00000|100%|HC|  |TAMS 0x0000000081e00000, 0x0000000081d00000| Complete 
|  30|0x0000000081e00000, 0x0000000081f00000, 0x0000000081f00000|100%| O|  |TAMS 0x0000000081f00000, 0x0000000081e00000| Untracked 
|  31|0x0000000081f00000, 0x0000000082000000, 0x0000000082000000|100%| O|  |TAMS 0x0000000082000000, 0x0000000081f00000| Complete 
|  32|0x0000000082000000, 0x0000000082100000, 0x0000000082100000|100%| O|  |TAMS 0x0000000082100000, 0x0000000082000000| Untracked 
|  33|0x0000000082100000, 0x0000000082200000, 0x0000000082200000|100%| O|  |TAMS 0x0000000082200000, 0x0000000082100000| Untracked 
|  34|0x0000000082200000, 0x0000000082300000, 0x0000000082300000|100%| O|  |TAMS 0x0000000082300000, 0x0000000082200000| Complete 
|  35|0x0000000082300000, 0x0000000082400000, 0x0000000082400000|100%| O|  |TAMS 0x0000000082400000, 0x0000000082300000| Complete 
|  36|0x0000000082400000, 0x0000000082500000, 0x0000000082500000|100%| O|  |TAMS 0x0000000082500000, 0x0000000082400000| Complete 
|  37|0x0000000082500000, 0x0000000082600000, 0x0000000082600000|100%| O|  |TAMS 0x0000000082600000, 0x0000000082500000| Untracked 
|  38|0x0000000082600000, 0x0000000082700000, 0x0000000082700000|100%| O|  |TAMS 0x0000000082700000, 0x0000000082600000| Untracked 
|  39|0x0000000082700000, 0x0000000082800000, 0x0000000082800000|100%| O|  |TAMS 0x0000000082800000, 0x0000000082700000| Untracked 
|  40|0x0000000082800000, 0x0000000082900000, 0x0000000082900000|100%| O|  |TAMS 0x0000000082900000, 0x0000000082800000| Untracked 
|  41|0x0000000082900000, 0x0000000082a00000, 0x0000000082a00000|100%| O|  |TAMS 0x0000000082a00000, 0x0000000082900000| Untracked 
|  42|0x0000000082a00000, 0x0000000082b00000, 0x0000000082b00000|100%| O|  |TAMS 0x0000000082b00000, 0x0000000082a00000| Untracked 
|  43|0x0000000082b00000, 0x0000000082c00000, 0x0000000082c00000|100%| O|  |TAMS 0x0000000082c00000, 0x0000000082b00000| Complete 
|  44|0x0000000082c00000, 0x0000000082d00000, 0x0000000082d00000|100%| O|  |TAMS 0x0000000082d00000, 0x0000000082c00000| Untracked 
|  45|0x0000000082d00000, 0x0000000082e00000, 0x0000000082e00000|100%| O|  |TAMS 0x0000000082e00000, 0x0000000082d00000| Untracked 
|  46|0x0000000082e00000, 0x0000000082f00000, 0x0000000082f00000|100%| O|  |TAMS 0x0000000082f00000, 0x0000000082e00000| Untracked 
|  47|0x0000000082f00000, 0x0000000083000000, 0x0000000083000000|100%| O|  |TAMS 0x0000000083000000, 0x0000000082f00000| Untracked 
|  48|0x0000000083000000, 0x0000000083100000, 0x0000000083100000|100%| O|  |TAMS 0x0000000083100000, 0x0000000083000000| Untracked 
|  49|0x0000000083100000, 0x0000000083200000, 0x0000000083200000|100%| O|  |TAMS 0x0000000083200000, 0x0000000083100000| Untracked 
|  50|0x0000000083200000, 0x0000000083300000, 0x0000000083300000|100%| O|  |TAMS 0x0000000083300000, 0x0000000083200000| Untracked 
|  51|0x0000000083300000, 0x0000000083400000, 0x0000000083400000|100%| O|  |TAMS 0x0000000083400000, 0x0000000083300000| Untracked 
|  52|0x0000000083400000, 0x0000000083500000, 0x0000000083500000|100%| O|  |TAMS 0x0000000083500000, 0x0000000083400000| Untracked 
|  53|0x0000000083500000, 0x0000000083600000, 0x0000000083600000|100%| O|  |TAMS 0x0000000083600000, 0x0000000083500000| Untracked 
|  54|0x0000000083600000, 0x0000000083700000, 0x0000000083700000|100%| O|  |TAMS 0x0000000083700000, 0x0000000083600000| Untracked 
|  55|0x0000000083700000, 0x0000000083800000, 0x0000000083800000|100%| O|  |TAMS 0x0000000083800000, 0x0000000083700000| Untracked 
|  56|0x0000000083800000, 0x0000000083900000, 0x0000000083900000|100%| O|  |TAMS 0x0000000083900000, 0x0000000083800000| Untracked 
|  57|0x0000000083900000, 0x0000000083a00000, 0x0000000083a00000|100%| O|  |TAMS 0x0000000083a00000, 0x0000000083900000| Complete 
|  58|0x0000000083a00000, 0x0000000083b00000, 0x0000000083b00000|100%| O|  |TAMS 0x0000000083b00000, 0x0000000083a00000| Untracked 
|  59|0x0000000083b00000, 0x0000000083c00000, 0x0000000083c00000|100%| O|  |TAMS 0x0000000083c00000, 0x0000000083b00000| Untracked 
|  60|0x0000000083c00000, 0x0000000083d00000, 0x0000000083d00000|100%| O|  |TAMS 0x0000000083d00000, 0x0000000083c00000| Untracked 
|  61|0x0000000083d00000, 0x0000000083e00000, 0x0000000083e00000|100%| O|  |TAMS 0x0000000083e00000, 0x0000000083d00000| Untracked 
|  62|0x0000000083e00000, 0x0000000083f00000, 0x0000000083f00000|100%| O|  |TAMS 0x0000000083f00000, 0x0000000083e00000| Untracked 
|  63|0x0000000083f00000, 0x0000000084000000, 0x0000000084000000|100%| O|  |TAMS 0x0000000084000000, 0x0000000083f00000| Untracked 
|  64|0x0000000084000000, 0x0000000084100000, 0x0000000084100000|100%| O|  |TAMS 0x0000000084100000, 0x0000000084000000| Complete 
|  65|0x0000000084100000, 0x0000000084200000, 0x0000000084200000|100%| O|  |TAMS 0x0000000084200000, 0x0000000084100000| Complete 
|  66|0x0000000084200000, 0x0000000084300000, 0x0000000084300000|100%| O|  |TAMS 0x0000000084300000, 0x0000000084200000| Untracked 
|  67|0x0000000084300000, 0x0000000084400000, 0x0000000084400000|100%| O|  |TAMS 0x0000000084400000, 0x0000000084300000| Untracked 
|  68|0x0000000084400000, 0x0000000084500000, 0x0000000084500000|100%| O|  |TAMS 0x0000000084500000, 0x0000000084400000| Untracked 
|  69|0x0000000084500000, 0x0000000084600000, 0x0000000084600000|100%| O|  |TAMS 0x0000000084600000, 0x0000000084500000| Complete 
|  70|0x0000000084600000, 0x0000000084700000, 0x0000000084700000|100%| O|  |TAMS 0x0000000084700000, 0x0000000084600000| Complete 
|  71|0x0000000084700000, 0x0000000084800000, 0x0000000084800000|100%| O|  |TAMS 0x0000000084800000, 0x0000000084700000| Untracked 
|  72|0x0000000084800000, 0x0000000084900000, 0x0000000084900000|100%| O|  |TAMS 0x0000000084900000, 0x0000000084800000| Untracked 
|  73|0x0000000084900000, 0x0000000084a00000, 0x0000000084a00000|100%| O|  |TAMS 0x0000000084a00000, 0x0000000084900000| Complete 
|  74|0x0000000084a00000, 0x0000000084b00000, 0x0000000084b00000|100%| O|  |TAMS 0x0000000084b00000, 0x0000000084a00000| Complete 
|  75|0x0000000084b00000, 0x0000000084c00000, 0x0000000084c00000|100%| O|  |TAMS 0x0000000084c00000, 0x0000000084b00000| Complete 
|  76|0x0000000084c00000, 0x0000000084d00000, 0x0000000084d00000|100%| O|  |TAMS 0x0000000084d00000, 0x0000000084c00000| Complete 
|  77|0x0000000084d00000, 0x0000000084e00000, 0x0000000084e00000|100%| O|  |TAMS 0x0000000084e00000, 0x0000000084d00000| Complete 
|  78|0x0000000084e00000, 0x0000000084f00000, 0x0000000084f00000|100%| O|  |TAMS 0x0000000084f00000, 0x0000000084e00000| Complete 
|  79|0x0000000084f00000, 0x0000000085000000, 0x0000000085000000|100%| O|  |TAMS 0x0000000085000000, 0x0000000084f00000| Complete 
|  80|0x0000000085000000, 0x0000000085100000, 0x0000000085100000|100%| O|  |TAMS 0x0000000085100000, 0x0000000085000000| Complete 
|  81|0x0000000085100000, 0x0000000085200000, 0x0000000085200000|100%| O|  |TAMS 0x0000000085200000, 0x0000000085100000| Complete 
|  82|0x0000000085200000, 0x0000000085300000, 0x0000000085300000|100%| O|  |TAMS 0x0000000085300000, 0x0000000085200000| Complete 
|  83|0x0000000085300000, 0x0000000085400000, 0x0000000085400000|100%| O|  |TAMS 0x0000000085400000, 0x0000000085300000| Complete 
|  84|0x0000000085400000, 0x0000000085500000, 0x0000000085500000|100%| O|  |TAMS 0x0000000085500000, 0x0000000085400000| Complete 
|  85|0x0000000085500000, 0x0000000085600000, 0x0000000085600000|100%| O|  |TAMS 0x0000000085600000, 0x0000000085500000| Untracked 
|  86|0x0000000085600000, 0x0000000085700000, 0x0000000085700000|100%| O|  |TAMS 0x0000000085700000, 0x0000000085600000| Complete 
|  87|0x0000000085700000, 0x0000000085800000, 0x0000000085800000|100%| O|  |TAMS 0x0000000085800000, 0x0000000085700000| Complete 
|  88|0x0000000085800000, 0x0000000085900000, 0x0000000085900000|100%| O|  |TAMS 0x0000000085900000, 0x0000000085800000| Untracked 
|  89|0x0000000085900000, 0x00000000859b5000, 0x0000000085a00000| 70%| O|  |TAMS 0x00000000859b5000, 0x0000000085900000| Untracked 
|  90|0x0000000085a00000, 0x0000000085a00000, 0x0000000085b00000|  0%| F|  |TAMS 0x0000000085a00000, 0x0000000085a00000| Untracked 
|  91|0x0000000085b00000, 0x0000000085b00000, 0x0000000085c00000|  0%| F|  |TAMS 0x0000000085b00000, 0x0000000085b00000| Untracked 
|  92|0x0000000085c00000, 0x0000000085c00000, 0x0000000085d00000|  0%| F|  |TAMS 0x0000000085c00000, 0x0000000085c00000| Untracked 
|  93|0x0000000085d00000, 0x0000000085d00000, 0x0000000085e00000|  0%| F|  |TAMS 0x0000000085d00000, 0x0000000085d00000| Untracked 
|  94|0x0000000085e00000, 0x0000000085e00000, 0x0000000085f00000|  0%| F|  |TAMS 0x0000000085e00000, 0x0000000085e00000| Untracked 
|  95|0x0000000085f00000, 0x0000000085f00000, 0x0000000086000000|  0%| F|  |TAMS 0x0000000085f00000, 0x0000000085f00000| Untracked 
|  96|0x0000000086000000, 0x0000000086000000, 0x0000000086100000|  0%| F|  |TAMS 0x0000000086000000, 0x0000000086000000| Untracked 
|  97|0x0000000086100000, 0x0000000086100000, 0x0000000086200000|  0%| F|  |TAMS 0x0000000086100000, 0x0000000086100000| Untracked 
|  98|0x0000000086200000, 0x0000000086200000, 0x0000000086300000|  0%| F|  |TAMS 0x0000000086200000, 0x0000000086200000| Untracked 
|  99|0x0000000086300000, 0x0000000086300000, 0x0000000086400000|  0%| F|  |TAMS 0x0000000086300000, 0x0000000086300000| Untracked 
| 100|0x0000000086400000, 0x0000000086400000, 0x0000000086500000|  0%| F|  |TAMS 0x0000000086400000, 0x0000000086400000| Untracked 
| 101|0x0000000086500000, 0x0000000086500000, 0x0000000086600000|  0%| F|  |TAMS 0x0000000086500000, 0x0000000086500000| Untracked 
| 102|0x0000000086600000, 0x0000000086600000, 0x0000000086700000|  0%| F|  |TAMS 0x0000000086600000, 0x0000000086600000| Untracked 
| 103|0x0000000086700000, 0x0000000086700000, 0x0000000086800000|  0%| F|  |TAMS 0x0000000086700000, 0x0000000086700000| Untracked 
| 104|0x0000000086800000, 0x0000000086800000, 0x0000000086900000|  0%| F|  |TAMS 0x0000000086800000, 0x0000000086800000| Untracked 
| 105|0x0000000086900000, 0x0000000086900000, 0x0000000086a00000|  0%| F|  |TAMS 0x0000000086900000, 0x0000000086900000| Untracked 
| 106|0x0000000086a00000, 0x0000000086a00000, 0x0000000086b00000|  0%| F|  |TAMS 0x0000000086a00000, 0x0000000086a00000| Untracked 
| 107|0x0000000086b00000, 0x0000000086b00000, 0x0000000086c00000|  0%| F|  |TAMS 0x0000000086b00000, 0x0000000086b00000| Untracked 
| 108|0x0000000086c00000, 0x0000000086c28110, 0x0000000086d00000| 15%| S|CS|TAMS 0x0000000086c00000, 0x0000000086c00000| Complete 
| 109|0x0000000086d00000, 0x0000000086e00000, 0x0000000086e00000|100%| S|CS|TAMS 0x0000000086d00000, 0x0000000086d00000| Complete 
| 110|0x0000000086e00000, 0x0000000086e00000, 0x0000000086f00000|  0%| F|  |TAMS 0x0000000086e00000, 0x0000000086e00000| Untracked 
| 111|0x0000000086f00000, 0x0000000087000000, 0x0000000087000000|100%| S|CS|TAMS 0x0000000086f00000, 0x0000000086f00000| Complete 
| 112|0x0000000087000000, 0x0000000087000000, 0x0000000087100000|  0%| F|  |TAMS 0x0000000087000000, 0x0000000087000000| Untracked 
| 113|0x0000000087100000, 0x0000000087100000, 0x0000000087200000|  0%| F|  |TAMS 0x0000000087100000, 0x0000000087100000| Untracked 
| 114|0x0000000087200000, 0x0000000087200000, 0x0000000087300000|  0%| F|  |TAMS 0x0000000087200000, 0x0000000087200000| Untracked 
| 115|0x0000000087300000, 0x0000000087400000, 0x0000000087400000|100%| S|CS|TAMS 0x0000000087300000, 0x0000000087300000| Complete 
| 116|0x0000000087400000, 0x0000000087400000, 0x0000000087500000|  0%| F|  |TAMS 0x0000000087400000, 0x0000000087400000| Untracked 
| 117|0x0000000087500000, 0x0000000087500000, 0x0000000087600000|  0%| F|  |TAMS 0x0000000087500000, 0x0000000087500000| Untracked 
| 118|0x0000000087600000, 0x0000000087600000, 0x0000000087700000|  0%| F|  |TAMS 0x0000000087600000, 0x0000000087600000| Untracked 
| 119|0x0000000087700000, 0x0000000087700000, 0x0000000087800000|  0%| F|  |TAMS 0x0000000087700000, 0x0000000087700000| Untracked 
| 120|0x0000000087800000, 0x0000000087800000, 0x0000000087900000|  0%| F|  |TAMS 0x0000000087800000, 0x0000000087800000| Untracked 
| 121|0x0000000087900000, 0x0000000087900000, 0x0000000087a00000|  0%| F|  |TAMS 0x0000000087900000, 0x0000000087900000| Untracked 
| 122|0x0000000087a00000, 0x0000000087a00000, 0x0000000087b00000|  0%| F|  |TAMS 0x0000000087a00000, 0x0000000087a00000| Untracked 
| 123|0x0000000087b00000, 0x0000000087b00000, 0x0000000087c00000|  0%| F|  |TAMS 0x0000000087b00000, 0x0000000087b00000| Untracked 
| 124|0x0000000087c00000, 0x0000000087c00000, 0x0000000087d00000|  0%| F|  |TAMS 0x0000000087c00000, 0x0000000087c00000| Untracked 
| 125|0x0000000087d00000, 0x0000000087d00000, 0x0000000087e00000|  0%| F|  |TAMS 0x0000000087d00000, 0x0000000087d00000| Untracked 
| 126|0x0000000087e00000, 0x0000000087e00000, 0x0000000087f00000|  0%| F|  |TAMS 0x0000000087e00000, 0x0000000087e00000| Untracked 
| 127|0x0000000087f00000, 0x0000000087f00000, 0x0000000088000000|  0%| F|  |TAMS 0x0000000087f00000, 0x0000000087f00000| Untracked 
| 128|0x0000000088000000, 0x0000000088000000, 0x0000000088100000|  0%| F|  |TAMS 0x0000000088000000, 0x0000000088000000| Untracked 
| 129|0x0000000088100000, 0x0000000088100000, 0x0000000088200000|  0%| F|  |TAMS 0x0000000088100000, 0x0000000088100000| Untracked 
| 130|0x0000000088200000, 0x0000000088200000, 0x0000000088300000|  0%| F|  |TAMS 0x0000000088200000, 0x0000000088200000| Untracked 
| 131|0x0000000088300000, 0x0000000088300000, 0x0000000088400000|  0%| F|  |TAMS 0x0000000088300000, 0x0000000088300000| Untracked 
| 132|0x0000000088400000, 0x0000000088400000, 0x0000000088500000|  0%| F|  |TAMS 0x0000000088400000, 0x0000000088400000| Untracked 
| 133|0x0000000088500000, 0x0000000088500000, 0x0000000088600000|  0%| F|  |TAMS 0x0000000088500000, 0x0000000088500000| Untracked 
| 134|0x0000000088600000, 0x00000000886f9b18, 0x0000000088700000| 97%| E|  |TAMS 0x0000000088600000, 0x0000000088600000| Complete 
| 135|0x0000000088700000, 0x0000000088800000, 0x0000000088800000|100%| E|CS|TAMS 0x0000000088700000, 0x0000000088700000| Complete 
| 136|0x0000000088800000, 0x0000000088900000, 0x0000000088900000|100%| E|CS|TAMS 0x0000000088800000, 0x0000000088800000| Complete 
| 137|0x0000000088900000, 0x0000000088a00000, 0x0000000088a00000|100%| E|CS|TAMS 0x0000000088900000, 0x0000000088900000| Complete 
| 138|0x0000000088a00000, 0x0000000088b00000, 0x0000000088b00000|100%| E|  |TAMS 0x0000000088a00000, 0x0000000088a00000| Complete 
| 139|0x0000000088b00000, 0x0000000088c00000, 0x0000000088c00000|100%| E|CS|TAMS 0x0000000088b00000, 0x0000000088b00000| Complete 
| 140|0x0000000088c00000, 0x0000000088d00000, 0x0000000088d00000|100%| E|CS|TAMS 0x0000000088c00000, 0x0000000088c00000| Complete 
| 141|0x0000000088d00000, 0x0000000088e00000, 0x0000000088e00000|100%| E|CS|TAMS 0x0000000088d00000, 0x0000000088d00000| Complete 
| 142|0x0000000088e00000, 0x0000000088f00000, 0x0000000088f00000|100%| E|CS|TAMS 0x0000000088e00000, 0x0000000088e00000| Complete 
| 143|0x0000000088f00000, 0x0000000089000000, 0x0000000089000000|100%| E|CS|TAMS 0x0000000088f00000, 0x0000000088f00000| Complete 

Card table byte_map: [0x0000028813e20000,0x0000028814220000] _byte_map_base: 0x0000028813a20000

Marking Bits (Prev, Next): (CMBitMap*) 0x000002887cdc4d68, (CMBitMap*) 0x000002887cdc4da0
 Prev Bits: [0x0000028814620000, 0x0000028816620000)
 Next Bits: [0x0000028816620000, 0x0000028818620000)

Polling page: 0x0000028800000000

Metaspace:

Usage:
  Non-class:     75.47 MB capacity,    74.04 MB ( 98%) used,     1.18 MB (  2%) free+waste,   251.19 KB ( <1%) overhead. 
      Class:     11.68 MB capacity,    10.92 MB ( 93%) used,   668.66 KB (  6%) free+waste,   111.56 KB ( <1%) overhead. 
       Both:     87.15 MB capacity,    84.97 MB ( 97%) used,     1.83 MB (  2%) free+waste,   362.75 KB ( <1%) overhead. 

Virtual space:
  Non-class space:       78.00 MB reserved,      76.17 MB ( 98%) committed 
      Class space:        1.00 GB reserved,      12.13 MB (  1%) committed 
             Both:        1.08 GB reserved,      88.30 MB (  8%) committed 

Chunk freelists:
   Non-Class:  721.00 KB
       Class:  420.00 KB
        Both:  1.11 MB

MaxMetaspaceSize: 17179869184.00 GB
CompressedClassSpaceSize: 1.00 GB
Initial GC threshold: 20.80 MB
Current GC threshold: 147.16 MB
CDS: off

CodeHeap 'non-profiled nmethods': size=119168Kb used=5099Kb max_used=5099Kb free=114069Kb
 bounds [0x000002880b5f0000, 0x000002880baf0000, 0x0000028812a50000]
CodeHeap 'profiled nmethods': size=119168Kb used=24123Kb max_used=24123Kb free=95044Kb
 bounds [0x0000028804190000, 0x0000028805920000, 0x000002880b5f0000]
CodeHeap 'non-nmethods': size=7424Kb used=2369Kb max_used=2412Kb free=5054Kb
 bounds [0x0000028803a50000, 0x0000028803cc0000, 0x0000028804190000]
 total_blobs=12125 nmethods=11243 adapters=794
 compilation: enabled
              stopped_count=0, restarted_count=0
 full_count=0

Compilation events (20 events):
Event: 16.236 Thread 0x000002881c02d000 nmethod 11550 0x0000028805912e10 code [0x0000028805912fe0, 0x0000028805913138]
Event: 16.236 Thread 0x000002881c02d000 11551       2       org.gradle.api.internal.file.pattern.HasSuffixPatternStep::matches (51 bytes)
Event: 16.236 Thread 0x000002881c02d000 nmethod 11551 0x0000028805913210 code [0x00000288059133c0, 0x0000028805913588]
Event: 16.236 Thread 0x000002881c02d000 11552       2       org.gradle.api.internal.file.pattern.HasSuffixPatternStep::isLongEnough (22 bytes)
Event: 16.236 Thread 0x000002881c02d000 nmethod 11552 0x0000028805913690 code [0x0000028805913840, 0x0000028805913978]
Event: 16.236 Thread 0x000002881c02d000 11553       2       org.gradle.api.specs.NotSpec::isSatisfiedBy (19 bytes)
Event: 16.236 Thread 0x000002881c02d000 nmethod 11553 0x0000028805913a90 code [0x0000028805913c40, 0x0000028805913d68]
Event: 16.236 Thread 0x000002881c02d000 11547       1       org.gradle.api.tasks.util.internal.CachingPatternSpecFactory$CachingSpec::access$300 (5 bytes)
Event: 16.236 Thread 0x000002881c02d000 nmethod 11547 0x000002880baea410 code [0x000002880baea5c0, 0x000002880baea658]
Event: 16.236 Thread 0x000002881c02d000 11554       2       org.gradle.internal.fingerprint.impl.PatternSetSnapshottingFilter$LogicalFileTreeElement::getRelativePath (47 bytes)
Event: 16.236 Thread 0x000002881c02d000 nmethod 11554 0x0000028805913e10 code [0x0000028805914040, 0x0000028805914578]
Event: 16.240 Thread 0x000002881c02d000 11557       2       org.gradle.api.internal.changedetection.state.DefaultResourceSnapshotterCacheService::hashFile (98 bytes)
Event: 16.241 Thread 0x000002881c02d000 nmethod 11557 0x0000028805914810 code [0x0000028805914b20, 0x0000028805915648]
Event: 16.241 Thread 0x000002881c02d000 11558       2       org.gradle.api.internal.changedetection.state.DefaultResourceSnapshotterCacheService::resourceHashCacheKey (25 bytes)
Event: 16.242 Thread 0x000002881c02d000 nmethod 11558 0x0000028805915e90 code [0x0000028805916160, 0x0000028805916ba8]
Event: 16.242 Thread 0x000002881c02d000 11559       2       org.gradle.internal.serialize.HashCodeSerializer::write (22 bytes)
Event: 16.242 Thread 0x000002881c02d000 nmethod 11559 0x0000028805917310 code [0x00000288059174e0, 0x00000288059176e8]
Event: 16.242 Thread 0x000002881c02d000 11560       2       org.gradle.internal.hash.HashCode::toByteArray (11 bytes)
Event: 16.243 Thread 0x000002881c02d000 nmethod 11560 0x0000028805917890 code [0x0000028805917a40, 0x0000028805917b88]
Event: 16.243 Thread 0x000002881c02d000 11561       2       org.gradle.internal.serialize.AbstractEncoder::writeBytes (9 bytes)

GC Heap History (20 events):
Event: 13.211 GC heap before
{Heap before GC invocations=24 (full 0):
 garbage-first heap   total 122880K, used 101265K [0x0000000080000000, 0x0000000100000000)
  region size 1024K, 39 young (39936K), 5 survivors (5120K)
 Metaspace       used 83241K, capacity 85281K, committed 85424K, reserved 1124352K
  class space    used 10783K, capacity 11505K, committed 11520K, reserved 1048576K
}
Event: 13.217 GC heap after
{Heap after GC invocations=25 (full 0):
 garbage-first heap   total 122880K, used 71959K [0x0000000080000000, 0x0000000100000000)
  region size 1024K, 5 young (5120K), 5 survivors (5120K)
 Metaspace       used 83241K, capacity 85281K, committed 85424K, reserved 1124352K
  class space    used 10783K, capacity 11505K, committed 11520K, reserved 1048576K
}
Event: 13.641 GC heap before
{Heap before GC invocations=25 (full 0):
 garbage-first heap   total 122880K, used 101655K [0x0000000080000000, 0x0000000100000000)
  region size 1024K, 34 young (34816K), 5 survivors (5120K)
 Metaspace       used 84801K, capacity 86895K, committed 87216K, reserved 1124352K
  class space    used 10951K, capacity 11679K, committed 11776K, reserved 1048576K
}
Event: 13.647 GC heap after
{Heap after GC invocations=26 (full 0):
 garbage-first heap   total 122880K, used 74935K [0x0000000080000000, 0x0000000100000000)
  region size 1024K, 3 young (3072K), 3 survivors (3072K)
 Metaspace       used 84801K, capacity 86895K, committed 87216K, reserved 1124352K
  class space    used 10951K, capacity 11679K, committed 11776K, reserved 1048576K
}
Event: 13.785 GC heap before
{Heap before GC invocations=27 (full 0):
 garbage-first heap   total 122880K, used 100535K [0x0000000080000000, 0x0000000100000000)
  region size 1024K, 29 young (29696K), 3 survivors (3072K)
 Metaspace       used 86120K, capacity 88809K, committed 89008K, reserved 1126400K
  class space    used 11294K, capacity 12266K, committed 12288K, reserved 1048576K
}
Event: 13.789 GC heap after
{Heap after GC invocations=28 (full 0):
 garbage-first heap   total 122880K, used 78231K [0x0000000080000000, 0x0000000100000000)
  region size 1024K, 4 young (4096K), 4 survivors (4096K)
 Metaspace       used 86120K, capacity 88809K, committed 89008K, reserved 1126400K
  class space    used 11294K, capacity 12266K, committed 12288K, reserved 1048576K
}
Event: 13.868 GC heap before
{Heap before GC invocations=28 (full 0):
 garbage-first heap   total 122880K, used 99735K [0x0000000080000000, 0x0000000100000000)
  region size 1024K, 26 young (26624K), 4 survivors (4096K)
 Metaspace       used 86210K, capacity 88885K, committed 89008K, reserved 1126400K
  class space    used 11296K, capacity 12268K, committed 12288K, reserved 1048576K
}
Event: 13.872 GC heap after
{Heap after GC invocations=29 (full 0):
 garbage-first heap   total 147456K, used 80474K [0x0000000080000000, 0x0000000100000000)
  region size 1024K, 4 young (4096K), 4 survivors (4096K)
 Metaspace       used 86210K, capacity 88885K, committed 89008K, reserved 1126400K
  class space    used 11296K, capacity 12268K, committed 12288K, reserved 1048576K
}
Event: 14.136 GC heap before
{Heap before GC invocations=30 (full 0):
 garbage-first heap   total 147456K, used 114266K [0x0000000080000000, 0x0000000100000000)
  region size 1024K, 38 young (38912K), 4 survivors (4096K)
 Metaspace       used 86368K, capacity 89024K, committed 89264K, reserved 1126400K
  class space    used 11281K, capacity 12242K, committed 12288K, reserved 1048576K
}
Event: 14.139 GC heap after
{Heap after GC invocations=31 (full 0):
 garbage-first heap   total 147456K, used 82385K [0x0000000080000000, 0x0000000100000000)
  region size 1024K, 4 young (4096K), 4 survivors (4096K)
 Metaspace       used 86368K, capacity 89024K, committed 89264K, reserved 1126400K
  class space    used 11281K, capacity 12242K, committed 12288K, reserved 1048576K
}
Event: 15.263 GC heap before
{Heap before GC invocations=31 (full 0):
 garbage-first heap   total 147456K, used 117201K [0x0000000080000000, 0x0000000100000000)
  region size 1024K, 39 young (39936K), 4 survivors (4096K)
 Metaspace       used 86704K, capacity 89379K, committed 89648K, reserved 1126400K
  class space    used 11303K, capacity 12287K, committed 12416K, reserved 1048576K
}
Event: 15.268 GC heap after
{Heap after GC invocations=32 (full 0):
 garbage-first heap   total 147456K, used 85168K [0x0000000080000000, 0x0000000100000000)
  region size 1024K, 5 young (5120K), 5 survivors (5120K)
 Metaspace       used 86704K, capacity 89379K, committed 89648K, reserved 1126400K
  class space    used 11303K, capacity 12287K, committed 12416K, reserved 1048576K
}
Event: 15.716 GC heap before
{Heap before GC invocations=33 (full 0):
 garbage-first heap   total 147456K, used 117936K [0x0000000080000000, 0x0000000100000000)
  region size 1024K, 38 young (38912K), 5 survivors (5120K)
 Metaspace       used 86283K, capacity 88445K, committed 89904K, reserved 1126400K
  class space    used 11081K, capacity 11841K, committed 12416K, reserved 1048576K
}
Event: 15.721 GC heap after
{Heap after GC invocations=34 (full 0):
 garbage-first heap   total 147456K, used 87369K [0x0000000080000000, 0x0000000100000000)
  region size 1024K, 4 young (4096K), 4 survivors (4096K)
 Metaspace       used 86283K, capacity 88445K, committed 89904K, reserved 1126400K
  class space    used 11081K, capacity 11841K, committed 12416K, reserved 1048576K
}
Event: 15.936 GC heap before
{Heap before GC invocations=34 (full 0):
 garbage-first heap   total 147456K, used 119113K [0x0000000080000000, 0x0000000100000000)
  region size 1024K, 36 young (36864K), 4 survivors (4096K)
 Metaspace       used 86547K, capacity 88841K, committed 90160K, reserved 1126400K
  class space    used 11108K, capacity 11895K, committed 12416K, reserved 1048576K
}
Event: 15.942 GC heap after
{Heap after GC invocations=35 (full 0):
 garbage-first heap   total 147456K, used 90861K [0x0000000080000000, 0x0000000100000000)
  region size 1024K, 5 young (5120K), 5 survivors (5120K)
 Metaspace       used 86547K, capacity 88841K, committed 90160K, reserved 1126400K
  class space    used 11108K, capacity 11895K, committed 12416K, reserved 1048576K
}
Event: 16.055 GC heap before
{Heap before GC invocations=36 (full 0):
 garbage-first heap   total 147456K, used 119533K [0x0000000080000000, 0x0000000100000000)
  region size 1024K, 34 young (34816K), 5 survivors (5120K)
 Metaspace       used 86570K, capacity 88843K, committed 90160K, reserved 1126400K
  class space    used 11108K, capacity 11895K, committed 12416K, reserved 1048576K
}
Event: 16.059 GC heap after
{Heap after GC invocations=37 (full 0):
 garbage-first heap   total 147456K, used 93417K [0x0000000080000000, 0x0000000100000000)
  region size 1024K, 4 young (4096K), 4 survivors (4096K)
 Metaspace       used 86570K, capacity 88843K, committed 90160K, reserved 1126400K
  class space    used 11108K, capacity 11895K, committed 12416K, reserved 1048576K
}
Event: 16.187 GC heap before
{Heap before GC invocations=37 (full 0):
 garbage-first heap   total 147456K, used 121065K [0x0000000080000000, 0x0000000100000000)
  region size 1024K, 32 young (32768K), 4 survivors (4096K)
 Metaspace       used 86706K, capacity 88927K, committed 90416K, reserved 1128448K
  class space    used 11127K, capacity 11900K, committed 12416K, reserved 1048576K
}
Event: 16.192 GC heap after
{Heap after GC invocations=38 (full 0):
 garbage-first heap   total 147456K, used 95092K [0x0000000080000000, 0x0000000100000000)
  region size 1024K, 4 young (4096K), 4 survivors (4096K)
 Metaspace       used 86706K, capacity 88927K, committed 90416K, reserved 1128448K
  class space    used 11127K, capacity 11900K, committed 12416K, reserved 1048576K
}

Deoptimization events (20 events):
Event: 16.157 Thread 0x000002882026c800 Uncommon trap: trap_request=0xffffffde fr.pc=0x000002880ba6a7cc relative=0x000000000000028c
Event: 16.157 Thread 0x000002882026c800 Uncommon trap: reason=class_check action=maybe_recompile pc=0x000002880ba6a7cc method=java.util.concurrent.ConcurrentHashMap.get(Ljava/lang/Object;)Ljava/lang/Object; @ 93 c2
Event: 16.157 Thread 0x000002882026c800 DEOPT PACKING pc=0x000002880ba6a7cc sp=0x000000be6c5fda80
Event: 16.158 Thread 0x000002882026c800 DEOPT UNPACKING pc=0x0000028803a9a1af sp=0x000000be6c5fd9d8 mode 2
Event: 16.159 Thread 0x00000288206bf800 Uncommon trap: trap_request=0xffffffde fr.pc=0x000002880ba6a7cc relative=0x000000000000028c
Event: 16.159 Thread 0x00000288206bf800 Uncommon trap: reason=class_check action=maybe_recompile pc=0x000002880ba6a7cc method=java.util.concurrent.ConcurrentHashMap.get(Ljava/lang/Object;)Ljava/lang/Object; @ 93 c2
Event: 16.159 Thread 0x00000288206bf800 DEOPT PACKING pc=0x000002880ba6a7cc sp=0x000000be70ffda90
Event: 16.159 Thread 0x00000288206bf800 DEOPT UNPACKING pc=0x0000028803a9a1af sp=0x000000be70ffd9e8 mode 2
Event: 16.159 Thread 0x00000288206c3000 Uncommon trap: trap_request=0xffffff4d fr.pc=0x000002880b6a1500 relative=0x0000000000001220
Event: 16.159 Thread 0x00000288206c3000 Uncommon trap: reason=unstable_if action=reinterpret pc=0x000002880b6a1500 method=java.util.concurrent.ConcurrentHashMap.transfer([Ljava/util/concurrent/ConcurrentHashMap$Node;[Ljava/util/concurrent/ConcurrentHashMap$Node;)V @ 273 c2
Event: 16.159 Thread 0x0000028820698000 Uncommon trap: trap_request=0xffffffde fr.pc=0x000002880ba6a7cc relative=0x000000000000028c
Event: 16.159 Thread 0x00000288206c3000 DEOPT PACKING pc=0x000002880b6a1500 sp=0x000000be716fdfb0
Event: 16.159 Thread 0x0000028820698000 Uncommon trap: reason=class_check action=maybe_recompile pc=0x000002880ba6a7cc method=java.util.concurrent.ConcurrentHashMap.get(Ljava/lang/Object;)Ljava/lang/Object; @ 93 c2
Event: 16.159 Thread 0x0000028820698000 DEOPT PACKING pc=0x000002880ba6a7cc sp=0x000000be703fd920
Event: 16.159 Thread 0x00000288206c3000 DEOPT UNPACKING pc=0x0000028803a9a1af sp=0x000000be716fdf30 mode 2
Event: 16.159 Thread 0x0000028820698000 DEOPT UNPACKING pc=0x0000028803a9a1af sp=0x000000be703fd878 mode 2
Event: 16.161 Thread 0x00000288206bb800 Uncommon trap: trap_request=0xffffffde fr.pc=0x000002880ba6a7cc relative=0x000000000000028c
Event: 16.161 Thread 0x00000288206bb800 Uncommon trap: reason=class_check action=maybe_recompile pc=0x000002880ba6a7cc method=java.util.concurrent.ConcurrentHashMap.get(Ljava/lang/Object;)Ljava/lang/Object; @ 93 c2
Event: 16.161 Thread 0x00000288206bb800 DEOPT PACKING pc=0x000002880ba6a7cc sp=0x000000be707fe090
Event: 16.161 Thread 0x00000288206bb800 DEOPT UNPACKING pc=0x0000028803a9a1af sp=0x000000be707fdfe8 mode 2

Classes redefined (0 events):
No events

Internal exceptions (20 events):
Event: 13.660 Thread 0x0000028824581000 Exception <a 'java/lang/NoSuchMethodError'{0x000000008713ea00}: 'java.lang.Object java.lang.invoke.DirectMethodHandle$Holder.invokeSpecialIFC(java.lang.Object, java.lang.Object, java.lang.Object)'> (0x000000008713ea00) thrown at [./src/hotspot/share/interpreter/linkResolver.cpp, line 773]
Event: 13.660 Thread 0x0000028822908000 Exception <a 'java/lang/NoSuchMethodError'{0x000000008716e6d0}: 'java.lang.Object java.lang.invoke.DirectMethodHandle$Holder.invokeSpecialIFC(java.lang.Object, java.lang.Object, java.lang.Object)'> (0x000000008716e6d0) thrown at [./src/hotspot/share/interpreter/linkResolver.cpp, line 773]
Event: 13.660 Thread 0x0000028824582800 Exception <a 'java/lang/NoSuchMethodError'{0x0000000087148ee0}: 'java.lang.Object java.lang.invoke.DirectMethodHandle$Holder.invokeSpecialIFC(java.lang.Object, java.lang.Object, java.lang.Object)'> (0x0000000087148ee0) thrown at [./src/hotspot/share/interpreter/linkResolver.cpp, line 773]
Event: 13.660 Thread 0x0000028824583800 Exception <a 'java/lang/NoSuchMethodError'{0x0000000087158ef0}: 'java.lang.Object java.lang.invoke.DirectMethodHandle$Holder.invokeSpecialIFC(java.lang.Object, java.lang.Object, java.lang.Object)'> (0x0000000087158ef0) thrown at [./src/hotspot/share/interpreter/linkResolver.cpp, line 773]
Event: 13.660 Thread 0x0000028822905800 Exception <a 'java/lang/NoSuchMethodError'{0x0000000087143230}: 'java.lang.Object java.lang.invoke.DirectMethodHandle$Holder.invokeSpecialIFC(java.lang.Object, java.lang.Object, java.lang.Object)'> (0x0000000087143230) thrown at [./src/hotspot/share/interpreter/linkResolver.cpp, line 773]
Event: 13.660 Thread 0x0000028822907000 Exception <a 'java/lang/NoSuchMethodError'{0x00000000871685c0}: 'java.lang.Object java.lang.invoke.DirectMethodHandle$Holder.invokeSpecialIFC(java.lang.Object, java.lang.Object, java.lang.Object)'> (0x00000000871685c0) thrown at [./src/hotspot/share/interpreter/linkResolver.cpp, line 773]
Event: 13.660 Thread 0x0000028822909000 Exception <a 'java/lang/NoSuchMethodError'{0x0000000087162db8}: 'java.lang.Object java.lang.invoke.DirectMethodHandle$Holder.invokeSpecialIFC(java.lang.Object, java.lang.Object, java.lang.Object)'> (0x0000000087162db8) thrown at [./src/hotspot/share/interpreter/linkResolver.cpp, line 773]
Event: 13.660 Thread 0x0000028822909800 Exception <a 'java/lang/NoSuchMethodError'{0x000000008715d990}: 'java.lang.Object java.lang.invoke.DirectMethodHandle$Holder.invokeSpecialIFC(java.lang.Object, java.lang.Object, java.lang.Object)'> (0x000000008715d990) thrown at [./src/hotspot/share/interpreter/linkResolver.cpp, line 773]
Event: 13.660 Thread 0x000002882457d000 Exception <a 'java/lang/NoSuchMethodError'{0x00000000872fc960}: 'java.lang.Object java.lang.invoke.DirectMethodHandle$Holder.invokeSpecialIFC(java.lang.Object, java.lang.Object, java.lang.Object)'> (0x00000000872fc960) thrown at [./src/hotspot/share/interpreter/linkResolver.cpp, line 773]
Event: 13.709 Thread 0x0000028822904800 Exception <a 'java/lang/NoSuchMethodError'{0x0000000086b90e70}: 'int java.lang.invoke.DirectMethodHandle$Holder.invokeStaticInit(java.lang.Object, java.lang.Object, java.lang.Object, java.lang.Object, java.lang.Object)'> (0x0000000086b90e70) thrown at [./src/hotspot/share/interpreter/linkResolver.cpp, line 773]
Event: 14.493 Thread 0x00000288201c0000 Implicit null exception at 0x000002880ba6df90 to 0x000002880ba6e77b
Event: 15.393 Thread 0x000002882457c000 Implicit null exception at 0x000002880baac1a4 to 0x000002880baac344
Event: 15.393 Thread 0x0000028822909000 Implicit null exception at 0x000002880baac1a4 to 0x000002880baac344
Event: 15.874 Thread 0x00000288228f3800 Exception <a 'java/lang/NoSuchMethodError'{0x0000000087bba620}: <clinit>> (0x0000000087bba620) thrown at [./src/hotspot/share/prims/jni.cpp, line 1365]
Event: 15.874 Thread 0x00000288228f3800 Exception <a 'java/lang/NoSuchMethodError'{0x0000000087bbbc28}: <clinit>> (0x0000000087bbbc28) thrown at [./src/hotspot/share/prims/jni.cpp, line 1365]
Event: 15.874 Thread 0x00000288228f3800 Exception <a 'java/lang/NoSuchMethodError'{0x0000000087bbea80}: <clinit>> (0x0000000087bbea80) thrown at [./src/hotspot/share/prims/jni.cpp, line 1365]
Event: 15.875 Thread 0x00000288228f3800 Exception <a 'java/lang/NoSuchMethodError'{0x0000000087bd6cd0}: <clinit>> (0x0000000087bd6cd0) thrown at [./src/hotspot/share/prims/jni.cpp, line 1365]
Event: 15.875 Thread 0x00000288228f3800 Exception <a 'java/lang/NoSuchMethodError'{0x0000000087bd7f08}: <clinit>> (0x0000000087bd7f08) thrown at [./src/hotspot/share/prims/jni.cpp, line 1365]
Event: 15.903 Thread 0x00000288228f3800 Implicit null exception at 0x000002880baa6d1c to 0x000002880baa704c
Event: 16.232 Thread 0x00000288228f3800 Exception <a 'java/lang/NoSuchMethodError'{0x0000000088a54b28}: 'int java.lang.invoke.DirectMethodHandle$Holder.invokeSpecial(java.lang.Object, java.lang.Object, java.lang.Object, java.lang.Object, java.lang.Object)'> (0x0000000088a54b28) thrown at [./src/hotspot/share/interpreter/linkResolver.cpp, line 773]

Events (20 events):
Event: 16.231 loading class org/gradle/api/specs/Spec done
Event: 16.232 loading class org/gradle/internal/fingerprint/impl/PatternSetSnapshottingFilter
Event: 16.232 loading class org/gradle/internal/fingerprint/impl/PatternSetSnapshottingFilter done
Event: 16.232 loading class org/gradle/internal/snapshot/SnapshottingFilter$FileSystemSnapshotPredicate
Event: 16.232 loading class org/gradle/internal/snapshot/SnapshottingFilter$FileSystemSnapshotPredicate done
Event: 16.232 loading class org/gradle/internal/snapshot/impl/FileSystemSnapshotFilter
Event: 16.232 loading class org/gradle/internal/snapshot/impl/FileSystemSnapshotFilter done
Event: 16.232 loading class org/gradle/internal/snapshot/impl/FileSystemSnapshotFilter$FilteringVisitor
Event: 16.232 loading class org/gradle/internal/snapshot/impl/FileSystemSnapshotFilter$FilteringVisitor done
Event: 16.233 loading class org/gradle/internal/snapshot/FileSystemLocationSnapshot$FileSystemLocationSnapshotTransformer
Event: 16.233 loading class org/gradle/internal/snapshot/FileSystemLocationSnapshot$FileSystemLocationSnapshotTransformer done
Event: 16.233 loading class org/gradle/internal/snapshot/impl/FileSystemSnapshotFilter$FilteringVisitor$1
Event: 16.233 loading class org/gradle/internal/snapshot/impl/FileSystemSnapshotFilter$FilteringVisitor$1 done
Event: 16.233 loading class org/gradle/internal/fingerprint/impl/PatternSetSnapshottingFilter$LogicalFileTreeElement
Event: 16.233 loading class org/gradle/internal/fingerprint/impl/PatternSetSnapshottingFilter$LogicalFileTreeElement done
Event: 16.236 loading class org/gradle/internal/fingerprint/hashing/FileSystemLocationSnapshotHasher
Event: 16.236 loading class org/gradle/internal/fingerprint/hashing/FileSystemLocationSnapshotHasher done
Event: 16.236 loading class org/gradle/internal/fingerprint/hashing/FileSystemLocationSnapshotHasher
Event: 16.236 loading class org/gradle/internal/fingerprint/hashing/FileSystemLocationSnapshotHasher done
Event: 16.243 Executing VM operation: CGC_Operation


Dynamic libraries:
0x00007ff6b93d0000 - 0x00007ff6b93da000 	C:\Program Files\Android\Android Studio\jre\bin\java.exe
0x00007ffd7a520000 - 0x00007ffd7a729000 	C:\WINDOWS\SYSTEM32\ntdll.dll
0x00007ffd79710000 - 0x00007ffd797ce000 	C:\WINDOWS\System32\KERNEL32.DLL
0x00007ffd77c50000 - 0x00007ffd77fcc000 	C:\WINDOWS\System32\KERNELBASE.dll
0x00007ffd779f0000 - 0x00007ffd77b01000 	C:\WINDOWS\System32\ucrtbase.dll
0x00007ffd64fe0000 - 0x00007ffd64ff7000 	C:\Program Files\Android\Android Studio\jre\bin\VCRUNTIME140.dll
0x00007ffd64e90000 - 0x00007ffd64ea9000 	C:\Program Files\Android\Android Studio\jre\bin\jli.dll
0x00007ffd79470000 - 0x00007ffd7961d000 	C:\WINDOWS\System32\USER32.dll
0x00007ffd77b80000 - 0x00007ffd77ba6000 	C:\WINDOWS\System32\win32u.dll
0x00007ffd6f520000 - 0x00007ffd6f7c5000 	C:\WINDOWS\WinSxS\amd64_microsoft.windows.common-controls_6595b64144ccf1df_6.0.22000.120_none_9d947278b86cc467\COMCTL32.dll
0x00007ffd791f0000 - 0x00007ffd79219000 	C:\WINDOWS\System32\GDI32.dll
0x00007ffd793b0000 - 0x00007ffd79453000 	C:\WINDOWS\System32\msvcrt.dll
0x00007ffd78280000 - 0x00007ffd78398000 	C:\WINDOWS\System32\gdi32full.dll
0x00007ffd77bb0000 - 0x00007ffd77c4d000 	C:\WINDOWS\System32\msvcp_win.dll
0x00007ffd797e0000 - 0x00007ffd79811000 	C:\WINDOWS\System32\IMM32.DLL
0x00007ffd42880000 - 0x00007ffd4291d000 	C:\Program Files\Android\Android Studio\jre\bin\msvcp140.dll
0x00007ffd21f90000 - 0x00007ffd22a75000 	C:\Program Files\Android\Android Studio\jre\bin\server\jvm.dll
0x00007ffd78a60000 - 0x00007ffd78b0e000 	C:\WINDOWS\System32\ADVAPI32.dll
0x00007ffd79840000 - 0x00007ffd798de000 	C:\WINDOWS\System32\sechost.dll
0x00007ffd7a210000 - 0x00007ffd7a330000 	C:\WINDOWS\System32\RPCRT4.dll
0x00007ffd79460000 - 0x00007ffd79468000 	C:\WINDOWS\System32\PSAPI.DLL
0x00007ffd44c50000 - 0x00007ffd44c59000 	C:\WINDOWS\SYSTEM32\WSOCK32.dll
0x00007ffd79340000 - 0x00007ffd793af000 	C:\WINDOWS\System32\WS2_32.dll
0x00007ffd6de10000 - 0x00007ffd6de1a000 	C:\WINDOWS\SYSTEM32\VERSION.dll
0x00007ffd6dd90000 - 0x00007ffd6ddc3000 	C:\WINDOWS\SYSTEM32\WINMM.dll
0x00007ffd76ae0000 - 0x00007ffd76af8000 	C:\WINDOWS\SYSTEM32\kernel.appcore.dll
0x00007ffd23e20000 - 0x00007ffd23e31000 	C:\Program Files\Android\Android Studio\jre\bin\verify.dll
0x00007ffd75500000 - 0x00007ffd75721000 	C:\WINDOWS\SYSTEM32\DBGHELP.DLL
0x00007ffd6aa40000 - 0x00007ffd6aa71000 	C:\WINDOWS\SYSTEM32\dbgcore.DLL
0x00007ffd78200000 - 0x00007ffd7827f000 	C:\WINDOWS\System32\bcryptPrimitives.dll
0x00007ffd23960000 - 0x00007ffd23989000 	C:\Program Files\Android\Android Studio\jre\bin\java.dll
0x00007ffd3aad0000 - 0x00007ffd3aadb000 	C:\Program Files\Android\Android Studio\jre\bin\jimage.dll
0x00007ffd21d40000 - 0x00007ffd21d58000 	C:\Program Files\Android\Android Studio\jre\bin\zip.dll
0x00007ffd798e0000 - 0x00007ffd7a0a5000 	C:\WINDOWS\System32\SHELL32.dll
0x00007ffd75ae0000 - 0x00007ffd76345000 	C:\WINDOWS\SYSTEM32\windows.storage.dll
0x00007ffd78b10000 - 0x00007ffd78e86000 	C:\WINDOWS\System32\combase.dll
0x00007ffd75970000 - 0x00007ffd75ad6000 	C:\WINDOWS\SYSTEM32\wintypes.dll
0x00007ffd7a390000 - 0x00007ffd7a47a000 	C:\WINDOWS\System32\SHCORE.dll
0x00007ffd78960000 - 0x00007ffd789bd000 	C:\WINDOWS\System32\shlwapi.dll
0x00007ffd77920000 - 0x00007ffd77941000 	C:\WINDOWS\SYSTEM32\profapi.dll
0x00007ffd239c0000 - 0x00007ffd239da000 	C:\Program Files\Android\Android Studio\jre\bin\net.dll
0x00007ffd71df0000 - 0x00007ffd71f02000 	C:\WINDOWS\SYSTEM32\WINHTTP.dll
0x00007ffd76f80000 - 0x00007ffd76fe7000 	C:\WINDOWS\system32\mswsock.dll
0x00007ffd1eba0000 - 0x00007ffd1ebb4000 	C:\Program Files\Android\Android Studio\jre\bin\nio.dll
0x00007ffd6abe0000 - 0x00007ffd6ac07000 	C:\Users\Midhun\.gradle\native\e1d6ef7f7dcc3fd88c89a11ec53ec762bb8ba0a96d01ffa2cd45eb1d1d8dd5c5\windows-amd64\native-platform.dll
0x00007ffd39790000 - 0x00007ffd398d4000 	C:\Users\Midhun\.gradle\native\5664cfc778a61ccfe75a443a1ab52a65af34e5dc3c78e0209fed803814484fcb\windows-amd64\native-platform-file-events.dll
0x00007ffd239b0000 - 0x00007ffd239ba000 	C:\Program Files\Android\Android Studio\jre\bin\management.dll
0x00007ffd21d60000 - 0x00007ffd21d6d000 	C:\Program Files\Android\Android Studio\jre\bin\management_ext.dll
0x00007ffd771c0000 - 0x00007ffd771d8000 	C:\WINDOWS\SYSTEM32\CRYPTSP.dll
0x00007ffd76a40000 - 0x00007ffd76a75000 	C:\WINDOWS\system32\rsaenh.dll
0x00007ffd77070000 - 0x00007ffd77099000 	C:\WINDOWS\SYSTEM32\USERENV.dll
0x00007ffd77380000 - 0x00007ffd773a7000 	C:\WINDOWS\SYSTEM32\bcrypt.dll
0x00007ffd77230000 - 0x00007ffd7723c000 	C:\WINDOWS\SYSTEM32\CRYPTBASE.dll
0x00007ffd76590000 - 0x00007ffd765bd000 	C:\WINDOWS\SYSTEM32\IPHLPAPI.DLL
0x00007ffd797d0000 - 0x00007ffd797d9000 	C:\WINDOWS\System32\NSI.dll
0x00007ffd71dc0000 - 0x00007ffd71dd9000 	C:\WINDOWS\SYSTEM32\dhcpcsvc6.DLL
0x00007ffd72050000 - 0x00007ffd7206e000 	C:\WINDOWS\SYSTEM32\dhcpcsvc.DLL
0x00007ffd765c0000 - 0x00007ffd766a8000 	C:\WINDOWS\SYSTEM32\DNSAPI.dll

dbghelp: loaded successfully - version: 4.0.5 - missing functions: none
symbol engine: initialized successfully - sym options: 0x614 - pdb path: .;C:\Program Files\Android\Android Studio\jre\bin;C:\WINDOWS\SYSTEM32;C:\WINDOWS\WinSxS\amd64_microsoft.windows.common-controls_6595b64144ccf1df_6.0.22000.120_none_9d947278b86cc467;C:\Program Files\Android\Android Studio\jre\bin\server;C:\Users\Midhun\.gradle\native\e1d6ef7f7dcc3fd88c89a11ec53ec762bb8ba0a96d01ffa2cd45eb1d1d8dd5c5\windows-amd64;C:\Users\Midhun\.gradle\native\5664cfc778a61ccfe75a443a1ab52a65af34e5dc3c78e0209fed803814484fcb\windows-amd64

VM Arguments:
jvm_args: --add-opens=java.base/java.util=ALL-UNNAMED --add-opens=java.base/java.lang=ALL-UNNAMED --add-opens=java.base/java.lang.invoke=ALL-UNNAMED --add-opens=java.base/java.util=ALL-UNNAMED --add-opens=java.prefs/java.util.prefs=ALL-UNNAMED --add-opens=java.prefs/java.util.prefs=ALL-UNNAMED --add-opens=java.base/java.nio.charset=ALL-UNNAMED --add-opens=java.base/java.net=ALL-UNNAMED --add-opens=java.base/java.util.concurrent.atomic=ALL-UNNAMED -Xmx2048m -Dfile.encoding=UTF-8 -Duser.country=IN -Duser.language=en -Duser.variant 
java_command: org.gradle.launcher.daemon.bootstrap.GradleDaemon 7.3.3
java_class_path (initial): C:\Users\Midhun\.gradle\wrapper\dists\gradle-7.3.3-all\4295vidhdd9hd3gbjyw1xqxpo\gradle-7.3.3\lib\gradle-launcher-7.3.3.jar
Launcher Type: SUN_STANDARD

[Global flags]
     intx CICompilerCount                          = 12                                        {product} {ergonomic}
     uint ConcGCThreads                            = 3                                         {product} {ergonomic}
     uint G1ConcRefinementThreads                  = 13                                        {product} {ergonomic}
   size_t G1HeapRegionSize                         = 1048576                                   {product} {ergonomic}
    uintx GCDrainStackTargetSize                   = 64                                        {product} {ergonomic}
   size_t InitialHeapSize                          = 125829120                                 {product} {ergonomic}
   size_t MarkStackSize                            = 4194304                                   {product} {ergonomic}
   size_t MaxHeapSize                              = 2147483648                                {product} {command line}
   size_t MaxNewSize                               = 1287651328                                {product} {ergonomic}
   size_t MinHeapDeltaBytes                        = 1048576                                   {product} {ergonomic}
    uintx NonNMethodCodeHeapSize                   = 7594288                                {pd product} {ergonomic}
    uintx NonProfiledCodeHeapSize                  = 122031976                              {pd product} {ergonomic}
    uintx ProfiledCodeHeapSize                     = 122031976                              {pd product} {ergonomic}
    uintx ReservedCodeCacheSize                    = 251658240                              {pd product} {ergonomic}
     bool SegmentedCodeCache                       = true                                      {product} {ergonomic}
     bool UseCompressedClassPointers               = true                                 {lp64_product} {ergonomic}
     bool UseCompressedOops                        = true                                 {lp64_product} {ergonomic}
     bool UseG1GC                                  = true                                      {product} {ergonomic}
     bool UseLargePagesIndividualAllocation        = false                                  {pd product} {ergonomic}

Logging:
Log output configuration:
 #0: stdout all=warning uptime,level,tags
 #1: stderr all=off uptime,level,tags

Environment Variables:
JAVA_HOME=C:\Program Files\Java\jdk1.8.0_111
PATH=C:\Program Files (x86)\Common Files\Oracle\Java\javapath;C:\ProgramData\Oracle\Java\javapath;C:\Program Files (x86)\Common Files\Intel\Shared Libraries\redist\intel64\compiler;C:\Windows\system32;C:\Windows;C:\Windows\System32\Wbem;C:\Windows\System32\WindowsPowerShell\v1.0\;C:\Windows\System32\OpenSSH\;C:\Program Files (x86)\NVIDIA Corporation\PhysX\Common;C:\msys64\mingw64\bin;C:\WINDOWS\system32;C:\WINDOWS;C:\WINDOWS\System32\Wbem;C:\WINDOWS\System32\WindowsPowerShell\v1.0\;C:\WINDOWS\System32\OpenSSH\;C:\Program Files\Amazon\AWSCLIV2\;C:\Program Files\Git\cmd;C:\Program Files\dotnet\;C:\Users\Midhun\AppData\Local\Microsoft\WindowsApps;C:\Users\Midhun\AppData\Local\Programs\Microsoft VS Code\bin;C:\Program Files\Java\jdk1.8.0_111\bin;
USERNAME=Midhun
OS=Windows_NT
PROCESSOR_IDENTIFIER=AMD64 Family 23 Model 96 Stepping 1, AuthenticAMD



---------------  S Y S T E M  ---------------

OS: Windows 10 , 64 bit Build 22000 (10.0.22000.1516)
OS uptime: 1 days 6:48 hours

CPU:total 16 (initial active 16) (16 cores per cpu, 2 threads per core) family 23 model 96 stepping 1 microcode 0x0, cmov, cx8, fxsr, mmx, sse, sse2, sse3, ssse3, sse4.1, sse4.2, popcnt, avx, avx2, aes, clmul, mmxext, 3dnowpref, lzcnt, sse4a, ht, tsc, tscinvbit, tscinv, bmi1, bmi2, adx, sha, fma

Memory: 4k page, system-wide physical 7600M (94M free)
TotalPageFile size 31152M (AvailPageFile size 0M)
current process WorkingSet (physical memory assigned to process): 399M, peak: 406M
current process commit charge ("private bytes"): 454M, peak: 458M

vm_info: OpenJDK 64-Bit Server VM (11.0.12+7-b1504.28-7817840) for windows-amd64 JRE (11.0.12+7-b1504.28-7817840), built on Oct 13 2021 22:12:33 by "builder" with MS VC++ 14.0 (VS2015)

END.
